0001_0044_0045_0229_0229.jpg 1 44 45 229 229
0002_0053_0148_0127_0127.jpg 1 53 148 127 127
0003_0089_0052_0178_0178.jpg 1 89 52 178 178
0004_0058_0028_0213_0213.jpg 1 58 28 213 213
0005_0064_0127_0169_0169.jpg 1 64 127 169 169
0006_0151_0028_0155_0155.jpg 1 151 28 155 155
0007_0050_0099_0256_0256.jpg 1 50 99 256 256
0008_0227_0205_0070_0070.jpg 1 227 205 70 70
0009_0092_0069_0249_0249.jpg 1 92 69 249 249
0010_0118_0092_0235_0235.jpg 1 118 92 235 235
0011_0070_0120_0194_0194.jpg 1 70 120 194 194
0012_0056_0116_0196_0196.jpg 1 56 116 196 196
0013_0203_0181_0025_0025.jpg 1 203 181 25 25
0014_0141_0054_0068_0068.jpg 1 141 54 68 68
0015_0193_0059_0126_0126.jpg 1 193 59 126 126
0016_0163_0194_0065_0065.jpg 1 163 194 65 65
0017_0070_0022_0276_0276.jpg 1 70 22 276 276
0018_0048_0086_0221_0221.jpg 1 48 86 221 221
0019_0154_0215_0060_0060.jpg 1 154 215 60 60
0020_0099_0051_0273_0273.jpg 1 99 51 273 273
0021_0031_0121_0245_0245.jpg 1 31 121 245 245
0022_0181_0053_0074_0074.jpg 1 181 53 74 74
0023_0065_0081_0146_0146.jpg 1 65 81 146 146
0024_0053_0105_0266_0266.jpg 1 53 105 266 266
0025_0043_0116_0245_0245.jpg 1 43 116 245 245
0026_0045_0063_0250_0250.jpg 1 45 63 250 250
0027_0052_0050_0041_0041.jpg 1 52 50 41 41
0028_0057_0043_0253_0253.jpg 1 57 43 253 253
0029_0077_0130_0234_0234.jpg 1 77 130 234 234
0030_0082_0041_0174_0174.jpg 1 82 41 174 174
0031_0106_0053_0263_0263.jpg 1 106 53 263 263
0032_0078_0114_0211_0211.jpg 1 78 114 211 211
0033_0080_0017_0248_0248.jpg 1 80 17 248 248
0034_0169_0186_0165_0165.jpg 1 169 186 165 165
0035_0205_0198_0115_0115.jpg 1 205 198 115 115
0036_0068_0061_0251_0251.jpg 1 68 61 251 251
0037_0056_0065_0219_0219.jpg 1 56 65 219 219
0038_0091_0081_0245_0245.jpg 1 91 81 245 245
0039_0106_0102_0184_0184.jpg 1 106 102 184 184
0040_0047_0074_0052_0052.jpg 1 47 74 52 52
0041_0173_0070_0165_0165.jpg 1 173 70 165 165
0042_0038_0040_0199_0199.jpg 1 38 40 199 199
0043_0068_0045_0076_0076.jpg 1 68 45 76 76
0044_0094_0024_0208_0208.jpg 1 94 24 208 208
0045_0044_0133_0165_0165.jpg 1 44 133 165 165
0046_0044_0189_0138_0138.jpg 1 44 189 138 138
0047_0055_0077_0270_0270.jpg 1 55 77 270 270
0048_0230_0130_0060_0060.jpg 1 230 130 60 60
0049_0253_0290_0024_0024.jpg 1 253 290 24 24
0050_0142_0153_0187_0187.jpg 1 142 153 187 187
0051_0051_0196_0029_0029.jpg 1 51 196 29 29
0052_0200_0043_0105_0105.jpg 1 200 43 105 105
0053_0042_0088_0097_0097.jpg 1 42 88 97 97
0054_0074_0112_0160_0160.jpg 1 74 112 160 160
0055_0145_0061_0208_0208.jpg 1 145 61 208 208
0056_0115_0073_0112_0112.jpg 1 115 73 112 112
0057_0116_0078_0199_0199.jpg 1 116 78 199 199
0058_0113_0206_0051_0051.jpg 1 113 206 51 51
0059_0121_0238_0067_0067.jpg 1 121 238 67 67
0060_0174_0069_0144_0144.jpg 1 174 69 144 144
0061_0105_0062_0258_0258.jpg 1 105 62 258 258
0062_0036_0236_0035_0035.jpg 1 36 236 35 35
0063_0188_0090_0072_0072.jpg 1 188 90 72 72
0064_0097_0125_0148_0148.jpg 1 97 125 148 148
0065_0088_0175_0167_0167.jpg 1 88 175 167 167
0066_0136_0040_0226_0226.jpg 1 136 40 226 226
0067_0091_0041_0184_0184.jpg 1 91 41 184 184
0068_0073_0145_0042_0042.jpg 1 73 145 42 42
0069_0108_0239_0029_0029.jpg 1 108 239 29 29
0070_0242_0143_0059_0059.jpg 1 242 143 59 59
0071_0109_0167_0166_0166.jpg 1 109 167 166 166
0072_0099_0096_0265_0265.jpg 1 99 96 265 265
0073_0068_0133_0155_0155.jpg 1 68 133 155 155
0074_0072_0033_0230_0230.jpg 1 72 33 230 230
0075_0095_0054_0235_0235.jpg 1 95 54 235 235
0076_0039_0066_0273_0273.jpg 1 39 66 273 273
0077_0028_0093_0238_0238.jpg 1 28 93 238 238
0078_0207_0049_0124_0124.jpg 1 207 49 124 124
0079_0017_0101_0261_0261.jpg 1 17 101 261 261
0080_0240_0064_0089_0089.jpg 1 240 64 89 89
0081_0062_0240_0093_0093.jpg 1 62 240 93 93
0082_0043_0094_0256_0256.jpg 1 43 94 256 256
0083_0062_0096_0089_0089.jpg 1 62 96 89 89
0084_0108_0112_0255_0255.jpg 1 108 112 255 255
0085_0186_0040_0150_0150.jpg 1 186 40 150 150
0086_0028_0107_0185_0185.jpg 1 28 107 185 185
0087_0228_0191_0088_0088.jpg 1 228 191 88 88
0088_0087_0167_0053_0053.jpg 1 87 167 53 53
0089_0164_0129_0159_0159.jpg 1 164 129 159 159
0090_0068_0092_0232_0232.jpg 1 68 92 232 232
0091_0113_0134_0147_0147.jpg 1 113 134 147 147
0092_0105_0049_0146_0146.jpg 1 105 49 146 146
0093_0102_0088_0229_0229.jpg 1 102 88 229 229
0094_0129_0083_0187_0187.jpg 1 129 83 187 187
0095_0153_0063_0204_0204.jpg 1 153 63 204 204
0096_0050_0056_0197_0197.jpg 1 50 56 197 197
0097_0097_0084_0244_0244.jpg 1 97 84 244 244
0098_0039_0061_0273_0273.jpg 1 39 61 273 273
0099_0095_0199_0109_0109.jpg 1 95 199 109 109
0100_0087_0127_0138_0138.jpg 1 87 127 138 138
0101_0079_0154_0182_0182.jpg 1 79 154 182 182
0102_0142_0238_0055_0055.jpg 1 142 238 55 55
0103_0104_0044_0068_0068.jpg 1 104 44 68 68
0104_0054_0072_0178_0178.jpg 1 54 72 178 178
0105_0050_0064_0279_0279.jpg 1 50 64 279 279
0106_0100_0153_0191_0191.jpg 1 100 153 191 191
0107_0056_0116_0221_0221.jpg 1 56 116 221 221
0108_0067_0249_0046_0046.jpg 1 67 249 46 46
0109_0107_0050_0229_0229.jpg 1 107 50 229 229
0110_0152_0221_0092_0092.jpg 1 152 221 92 92
0111_0285_0174_0032_0032.jpg 1 285 174 32 32
0112_0082_0170_0171_0171.jpg 1 82 170 171 171
0113_0221_0067_0120_0120.jpg 1 221 67 120 120
0114_0035_0055_0231_0231.jpg 1 35 55 231 231
0115_0165_0210_0118_0118.jpg 1 165 210 118 118
0116_0097_0059_0223_0223.jpg 1 97 59 223 223
0117_0069_0159_0042_0042.jpg 1 69 159 42 42
0118_0142_0149_0117_0117.jpg 1 142 149 117 117
0119_0044_0102_0210_0210.jpg 1 44 102 210 210
0120_0036_0087_0216_0216.jpg 1 36 87 216 216
0121_0070_0088_0177_0177.jpg 1 70 88 177 177
0122_0028_0110_0231_0231.jpg 1 28 110 231 231
0123_0127_0092_0214_0214.jpg 1 127 92 214 214
0124_0123_0052_0088_0088.jpg 1 123 52 88 88
0125_0106_0025_0162_0162.jpg 1 106 25 162 162
0126_0169_0263_0051_0051.jpg 1 169 263 51 51
0127_0130_0181_0111_0111.jpg 1 130 181 111 111
0128_0067_0153_0150_0150.jpg 1 67 153 150 150
0129_0222_0231_0102_0102.jpg 1 222 231 102 102
0130_0188_0038_0116_0116.jpg 1 188 38 116 116
0131_0055_0052_0256_0256.jpg 1 55 52 256 256
0132_0145_0113_0130_0130.jpg 1 145 113 130 130
0133_0218_0231_0104_0104.jpg 1 218 231 104 104
0134_0167_0093_0151_0151.jpg 1 167 93 151 151
0135_0277_0229_0045_0045.jpg 1 277 229 45 45
0136_0241_0203_0071_0071.jpg 1 241 203 71 71
0137_0243_0094_0071_0071.jpg 1 243 94 71 71
0138_0156_0112_0081_0081.jpg 1 156 112 81 81
0139_0196_0144_0143_0143.jpg 1 196 144 143 143
0140_0042_0246_0046_0046.jpg 1 42 246 46 46
0141_0115_0077_0141_0141.jpg 1 115 77 141 141
0142_0151_0025_0207_0207.jpg 1 151 25 207 207
0143_0235_0127_0069_0069.jpg 1 235 127 69 69
0144_0153_0068_0104_0104.jpg 1 153 68 104 104
0145_0103_0146_0149_0149.jpg 1 103 146 149 149
0146_0064_0027_0270_0270.jpg 1 64 27 270 270
0147_0082_0091_0261_0261.jpg 1 82 91 261 261
0148_0110_0049_0164_0164.jpg 1 110 49 164 164
0149_0169_0192_0118_0118.jpg 1 169 192 118 118
0150_0084_0106_0089_0089.jpg 1 84 106 89 89
0151_0250_0221_0083_0083.jpg 1 250 221 83 83
0152_0030_0032_0195_0195.jpg 1 30 32 195 195
0153_0171_0066_0133_0133.jpg 1 171 66 133 133
0154_0095_0040_0248_0248.jpg 1 95 40 248 248
0155_0157_0119_0197_0197.jpg 1 157 119 197 197
0156_0065_0084_0220_0220.jpg 1 65 84 220 220
0157_0044_0049_0210_0210.jpg 1 44 49 210 210
0158_0061_0017_0256_0256.jpg 1 61 17 256 256
0159_0202_0216_0126_0126.jpg 1 202 216 126 126
0160_0113_0110_0114_0114.jpg 1 113 110 114 114
0161_0073_0122_0041_0041.jpg 1 73 122 41 41
0162_0071_0173_0040_0040.jpg 1 71 173 40 40
0163_0129_0077_0217_0217.jpg 1 129 77 217 217
0164_0038_0033_0191_0191.jpg 1 38 33 191 191
0165_0039_0171_0166_0166.jpg 1 39 171 166 166
0166_0214_0072_0084_0084.jpg 1 214 72 84 84
0167_0143_0260_0045_0045.jpg 1 143 260 45 45
0168_0083_0140_0051_0051.jpg 1 83 140 51 51
0169_0205_0177_0032_0032.jpg 1 205 177 32 32
0170_0045_0020_0202_0202.jpg 1 45 20 202 202
0171_0091_0043_0190_0190.jpg 1 91 43 190 190
0172_0186_0149_0082_0082.jpg 1 186 149 82 82
0173_0021_0032_0219_0219.jpg 1 21 32 219 219
0174_0176_0207_0064_0064.jpg 1 176 207 64 64
0175_0036_0075_0271_0271.jpg 1 36 75 271 271
0176_0074_0070_0077_0077.jpg 1 74 70 77 77
0177_0239_0115_0077_0077.jpg 1 239 115 77 77
0178_0225_0195_0102_0102.jpg 1 225 195 102 102
0179_0057_0122_0174_0174.jpg 1 57 122 174 174
0180_0037_0270_0043_0043.jpg 1 37 270 43 43
0181_0205_0097_0109_0109.jpg 1 205 97 109 109
0182_0032_0053_0279_0279.jpg 1 32 53 279 279
0183_0126_0138_0032_0032.jpg 1 126 138 32 32
0184_0067_0045_0123_0123.jpg 1 67 45 123 123
0185_0058_0116_0179_0179.jpg 1 58 116 179 179
0186_0051_0067_0116_0116.jpg 1 51 67 116 116
0187_0095_0145_0181_0181.jpg 1 95 145 181 181
0188_0040_0099_0222_0222.jpg 1 40 99 222 222
0189_0079_0173_0093_0093.jpg 1 79 173 93 93
0190_0084_0258_0061_0061.jpg 1 84 258 61 61
0191_0109_0131_0221_0221.jpg 1 109 131 221 221
0192_0129_0071_0095_0095.jpg 1 129 71 95 95
0193_0049_0028_0263_0263.jpg 1 49 28 263 263
0194_0066_0052_0279_0279.jpg 1 66 52 279 279
0195_0059_0117_0056_0056.jpg 1 59 117 56 56
0196_0105_0099_0253_0253.jpg 1 105 99 253 253
0197_0060_0073_0110_0110.jpg 1 60 73 110 110
0198_0165_0184_0153_0153.jpg 1 165 184 153 153
0199_0173_0127_0153_0153.jpg 1 173 127 153 153
0200_0031_0048_0217_0217.jpg 1 31 48 217 217
0201_0175_0063_0174_0174.jpg 1 175 63 174 174
0202_0078_0145_0147_0147.jpg 1 78 145 147 147
0203_0032_0072_0279_0279.jpg 1 32 72 279 279
0204_0072_0059_0191_0191.jpg 1 72 59 191 191
0205_0069_0148_0138_0138.jpg 1 69 148 138 138
0206_0054_0027_0258_0258.jpg 1 54 27 258 258
0207_0119_0053_0216_0216.jpg 1 119 53 216 216
0208_0026_0114_0243_0243.jpg 1 26 114 243 243
0209_0056_0086_0275_0275.jpg 1 56 86 275 275
0210_0117_0151_0048_0048.jpg 1 117 151 48 48
0211_0175_0046_0040_0040.jpg 1 175 46 40 40
0212_0097_0125_0221_0221.jpg 1 97 125 221 221
0213_0126_0090_0031_0031.jpg 1 126 90 31 31
0214_0106_0035_0261_0261.jpg 1 106 35 261 261
0215_0165_0180_0139_0139.jpg 1 165 180 139 139
0216_0096_0147_0140_0140.jpg 1 96 147 140 140
0217_0174_0196_0148_0148.jpg 1 174 196 148 148
0218_0131_0044_0208_0208.jpg 1 131 44 208 208
0219_0207_0206_0088_0088.jpg 1 207 206 88 88
0220_0096_0190_0120_0120.jpg 1 96 190 120 120
0221_0213_0082_0085_0085.jpg 1 213 82 85 85
0222_0189_0030_0159_0159.jpg 1 189 30 159 159
0223_0044_0116_0039_0039.jpg 1 44 116 39 39
0224_0137_0126_0196_0196.jpg 1 137 126 196 196
0225_0025_0136_0171_0171.jpg 1 25 136 171 171
0226_0101_0073_0188_0188.jpg 1 101 73 188 188
0227_0193_0177_0127_0127.jpg 1 193 177 127 127
0228_0064_0239_0081_0081.jpg 1 64 239 81 81
0229_0064_0032_0265_0265.jpg 1 64 32 265 265
0230_0102_0102_0265_0265.jpg 1 102 102 265 265
0231_0065_0091_0242_0242.jpg 1 65 91 242 242
0232_0067_0153_0190_0190.jpg 1 67 153 190 190
0233_0037_0112_0163_0163.jpg 1 37 112 163 163
0234_0107_0030_0207_0207.jpg 1 107 30 207 207
0235_0063_0026_0228_0228.jpg 1 63 26 228 228
0236_0236_0184_0038_0038.jpg 1 236 184 38 38
0237_0068_0047_0111_0111.jpg 1 68 47 111 111
0238_0104_0106_0253_0253.jpg 1 104 106 253 253
0239_0035_0079_0278_0278.jpg 1 35 79 278 278
0240_0217_0207_0102_0102.jpg 1 217 207 102 102
0241_0177_0194_0151_0151.jpg 1 177 194 151 151
0242_0066_0167_0139_0139.jpg 1 66 167 139 139
0243_0053_0027_0238_0238.jpg 1 53 27 238 238
0244_0102_0095_0260_0260.jpg 1 102 95 260 260
0245_0163_0068_0173_0173.jpg 1 163 68 173 173
0246_0157_0180_0117_0117.jpg 1 157 180 117 117
0247_0048_0058_0276_0276.jpg 1 48 58 276 276
0248_0113_0127_0101_0101.jpg 1 113 127 101 101
0249_0156_0105_0087_0087.jpg 1 156 105 87 87
0250_0052_0066_0161_0161.jpg 1 52 66 161 161
0251_0055_0087_0228_0228.jpg 1 55 87 228 228
0252_0153_0095_0193_0193.jpg 1 153 95 193 193
0253_0051_0051_0122_0122.jpg 1 51 51 122 122
0254_0046_0066_0182_0182.jpg 1 46 66 182 182
0255_0236_0038_0089_0089.jpg 1 236 38 89 89
0256_0163_0144_0078_0078.jpg 1 163 144 78 78
0257_0123_0146_0178_0178.jpg 1 123 146 178 178
0258_0033_0041_0134_0134.jpg 1 33 41 134 134
0259_0105_0181_0038_0038.jpg 1 105 181 38 38
0260_0266_0249_0063_0063.jpg 1 266 249 63 63
0261_0184_0138_0102_0102.jpg 1 184 138 102 102
0262_0042_0083_0109_0109.jpg 1 42 83 109 109
0263_0122_0052_0233_0233.jpg 1 122 52 233 233
0264_0073_0121_0198_0198.jpg 1 73 121 198 198
0265_0113_0131_0198_0198.jpg 1 113 131 198 198
0266_0031_0218_0120_0120.jpg 1 31 218 120 120
0267_0274_0052_0050_0050.jpg 1 274 52 50 50
0268_0099_0159_0180_0180.jpg 1 99 159 180 180
0269_0043_0075_0213_0213.jpg 1 43 75 213 213
0270_0083_0034_0215_0215.jpg 1 83 34 215 215
0271_0124_0088_0180_0180.jpg 1 124 88 180 180
0272_0166_0233_0029_0029.jpg 1 166 233 29 29
0273_0030_0063_0241_0241.jpg 1 30 63 241 241
0274_0072_0236_0024_0024.jpg 1 72 236 24 24
0275_0064_0122_0149_0149.jpg 1 64 122 149 149
0276_0112_0049_0106_0106.jpg 1 112 49 106 106
0277_0067_0033_0223_0223.jpg 1 67 33 223 223
0278_0096_0222_0093_0093.jpg 1 96 222 93 93
0279_0114_0044_0083_0083.jpg 1 114 44 83 83
0280_0172_0063_0170_0170.jpg 1 172 63 170 170
0281_0083_0094_0268_0268.jpg 1 83 94 268 268
0282_0176_0150_0157_0157.jpg 1 176 150 157 157
0283_0093_0073_0257_0257.jpg 1 93 73 257 257
0284_0072_0096_0058_0058.jpg 1 72 96 58 58
0285_0168_0117_0139_0139.jpg 1 168 117 139 139
0286_0081_0056_0274_0274.jpg 1 81 56 274 274
0287_0023_0034_0230_0230.jpg 1 23 34 230 230
0288_0205_0177_0097_0097.jpg 1 205 177 97 97
0289_0096_0186_0100_0100.jpg 1 96 186 100 100
0290_0072_0046_0238_0238.jpg 1 72 46 238 238
0291_0095_0047_0223_0223.jpg 1 95 47 223 223
0292_0127_0130_0234_0234.jpg 1 127 130 234 234
0293_0159_0168_0077_0077.jpg 1 159 168 77 77
0294_0046_0095_0242_0242.jpg 1 46 95 242 242
0295_0087_0028_0244_0244.jpg 1 87 28 244 244
0296_0106_0187_0025_0025.jpg 1 106 187 25 25
0297_0119_0058_0159_0159.jpg 1 119 58 159 159
0298_0089_0101_0272_0272.jpg 1 89 101 272 272
0299_0118_0086_0249_0249.jpg 1 118 86 249 249
0300_0074_0087_0235_0235.jpg 1 74 87 235 235
0301_0034_0031_0238_0238.jpg 1 34 31 238 238
0302_0067_0054_0276_0276.jpg 1 67 54 276 276
0303_0024_0091_0274_0274.jpg 1 24 91 274 274
0304_0160_0080_0189_0189.jpg 1 160 80 189 189
0305_0242_0143_0067_0067.jpg 1 242 143 67 67
0306_0086_0108_0252_0252.jpg 1 86 108 252 252
0307_0024_0020_0235_0235.jpg 1 24 20 235 235
0308_0065_0092_0240_0240.jpg 1 65 92 240 240
0309_0099_0091_0264_0264.jpg 1 99 91 264 264
0310_0115_0119_0113_0113.jpg 1 115 119 113 113
0311_0240_0139_0051_0051.jpg 1 240 139 51 51
0312_0271_0133_0033_0033.jpg 1 271 133 33 33
0313_0272_0265_0047_0047.jpg 1 272 265 47 47
0314_0181_0096_0135_0135.jpg 1 181 96 135 135
0315_0062_0093_0216_0216.jpg 1 62 93 216 216
0316_0055_0097_0236_0236.jpg 1 55 97 236 236
0317_0103_0029_0260_0260.jpg 1 103 29 260 260
0318_0049_0109_0258_0258.jpg 1 49 109 258 258
0319_0213_0204_0030_0030.jpg 1 213 204 30 30
0320_0035_0138_0225_0225.jpg 1 35 138 225 225
0321_0235_0267_0050_0050.jpg 1 235 267 50 50
0322_0071_0194_0060_0060.jpg 1 71 194 60 60
0323_0044_0095_0245_0245.jpg 1 44 95 245 245
0324_0100_0120_0236_0236.jpg 1 100 120 236 236
0325_0065_0053_0216_0216.jpg 1 65 53 216 216
0326_0057_0094_0150_0150.jpg 1 57 94 150 150
0327_0109_0085_0221_0221.jpg 1 109 85 221 221
0328_0128_0049_0210_0210.jpg 1 128 49 210 210
0329_0022_0043_0196_0196.jpg 1 22 43 196 196
0330_0145_0166_0142_0142.jpg 1 145 166 142 142
0331_0067_0078_0121_0121.jpg 1 67 78 121 121
0332_0040_0062_0114_0114.jpg 1 40 62 114 114
0333_0064_0206_0088_0088.jpg 1 64 206 88 88
0334_0040_0024_0265_0265.jpg 1 40 24 265 265
0335_0095_0288_0028_0028.jpg 1 95 288 28 28
0336_0062_0038_0276_0276.jpg 1 62 38 276 276
0337_0057_0046_0206_0206.jpg 1 57 46 206 206
0338_0145_0088_0132_0132.jpg 1 145 88 132 132
0339_0105_0114_0072_0072.jpg 1 105 114 72 72
0340_0137_0200_0088_0088.jpg 1 137 200 88 88
0341_0075_0186_0102_0102.jpg 1 75 186 102 102
0342_0176_0065_0168_0168.jpg 1 176 65 168 168
0343_0043_0103_0081_0081.jpg 1 43 103 81 81
0344_0105_0044_0263_0263.jpg 1 105 44 263 263
0345_0064_0072_0202_0202.jpg 1 64 72 202 202
0346_0258_0197_0072_0072.jpg 1 258 197 72 72
0347_0062_0039_0154_0154.jpg 1 62 39 154 154
0348_0048_0069_0266_0266.jpg 1 48 69 266 266
0349_0048_0138_0225_0225.jpg 1 48 138 225 225
0350_0069_0094_0250_0250.jpg 1 69 94 250 250
0351_0089_0151_0177_0177.jpg 1 89 151 177 177
0352_0055_0142_0199_0199.jpg 1 55 142 199 199
0353_0076_0128_0042_0042.jpg 1 76 128 42 42
0354_0124_0174_0046_0046.jpg 1 124 174 46 46
0355_0051_0067_0277_0277.jpg 1 51 67 277 277
0356_0138_0050_0102_0102.jpg 1 138 50 102 102
0357_0043_0041_0171_0171.jpg 1 43 41 171 171
0358_0064_0092_0263_0263.jpg 1 64 92 263 263
0359_0038_0039_0187_0187.jpg 1 38 39 187 187
0360_0152_0082_0080_0080.jpg 1 152 82 80 80
0361_0104_0060_0194_0194.jpg 1 104 60 194 194
0362_0128_0097_0179_0179.jpg 1 128 97 179 179
0363_0059_0143_0164_0164.jpg 1 59 143 164 164
0364_0068_0091_0261_0261.jpg 1 68 91 261 261
0365_0086_0102_0058_0058.jpg 1 86 102 58 58
0366_0209_0227_0073_0073.jpg 1 209 227 73 73
0367_0128_0114_0081_0081.jpg 1 128 114 81 81
0368_0091_0255_0048_0048.jpg 1 91 255 48 48
0369_0162_0128_0181_0181.jpg 1 162 128 181 181
0370_0152_0103_0129_0129.jpg 1 152 103 129 129
0371_0226_0177_0070_0070.jpg 1 226 177 70 70
0372_0069_0017_0244_0244.jpg 1 69 17 244 244
0373_0070_0187_0143_0143.jpg 1 70 187 143 143
0374_0114_0093_0190_0190.jpg 1 114 93 190 190
0375_0132_0112_0170_0170.jpg 1 132 112 170 170
0376_0177_0267_0032_0032.jpg 1 177 267 32 32
0377_0087_0046_0152_0152.jpg 1 87 46 152 152
0378_0086_0044_0119_0119.jpg 1 86 44 119 119
0379_0076_0213_0087_0087.jpg 1 76 213 87 87
0380_0168_0100_0030_0030.jpg 1 168 100 30 30
0381_0153_0058_0140_0140.jpg 1 153 58 140 140
0382_0116_0068_0134_0134.jpg 1 116 68 134 134
0383_0090_0062_0097_0097.jpg 1 90 62 97 97
0384_0105_0099_0250_0250.jpg 1 105 99 250 250
0385_0091_0099_0178_0178.jpg 1 91 99 178 178
0386_0112_0037_0206_0206.jpg 1 112 37 206 206
0387_0086_0111_0226_0226.jpg 1 86 111 226 226
0388_0103_0053_0195_0195.jpg 1 103 53 195 195
0389_0079_0067_0034_0034.jpg 1 79 67 34 34
0390_0087_0108_0203_0203.jpg 1 87 108 203 203
0391_0119_0181_0154_0154.jpg 1 119 181 154 154
0392_0100_0110_0182_0182.jpg 1 100 110 182 182
0393_0049_0090_0135_0135.jpg 1 49 90 135 135
0394_0033_0122_0208_0208.jpg 1 33 122 208 208
0395_0056_0123_0233_0233.jpg 1 56 123 233 233
0396_0124_0086_0146_0146.jpg 1 124 86 146 146
0397_0063_0090_0271_0271.jpg 1 63 90 271 271
0398_0081_0073_0195_0195.jpg 1 81 73 195 195
0399_0154_0121_0173_0173.jpg 1 154 121 173 173
0400_0065_0053_0278_0278.jpg 1 65 53 278 278
0401_0108_0030_0200_0200.jpg 1 108 30 200 200
0402_0019_0097_0209_0209.jpg 1 19 97 209 209
0403_0094_0214_0120_0120.jpg 1 94 214 120 120
0404_0170_0265_0046_0046.jpg 1 170 265 46 46
0405_0173_0139_0134_0134.jpg 1 173 139 134 134
0406_0094_0087_0211_0211.jpg 1 94 87 211 211
0407_0033_0072_0070_0070.jpg 1 33 72 70 70
0408_0223_0211_0025_0025.jpg 1 223 211 25 25
0409_0101_0012_0273_0273.jpg 1 101 12 273 273
0410_0135_0249_0077_0077.jpg 1 135 249 77 77
0411_0135_0119_0098_0098.jpg 1 135 119 98 98
0412_0180_0081_0074_0074.jpg 1 180 81 74 74
0413_0063_0218_0114_0114.jpg 1 63 218 114 114
0414_0054_0034_0263_0263.jpg 1 54 34 263 263
0415_0029_0017_0279_0279.jpg 1 29 17 279 279
0416_0129_0047_0082_0082.jpg 1 129 47 82 82
0417_0109_0074_0116_0116.jpg 1 109 74 116 116
0418_0203_0085_0117_0117.jpg 1 203 85 117 117
0419_0028_0105_0195_0195.jpg 1 28 105 195 195
0420_0083_0119_0167_0167.jpg 1 83 119 167 167
0421_0082_0103_0265_0265.jpg 1 82 103 265 265
0422_0029_0067_0252_0252.jpg 1 29 67 252 252
0423_0076_0173_0175_0175.jpg 1 76 173 175 175
0424_0197_0096_0038_0038.jpg 1 197 96 38 38
0425_0034_0046_0226_0226.jpg 1 34 46 226 226
0426_0133_0107_0129_0129.jpg 1 133 107 129 129
0427_0017_0077_0251_0251.jpg 1 17 77 251 251
0428_0071_0064_0210_0210.jpg 1 71 64 210 210
0429_0225_0176_0109_0109.jpg 1 225 176 109 109
0430_0114_0082_0072_0072.jpg 1 114 82 72 72
0431_0119_0082_0063_0063.jpg 1 119 82 63 63
0432_0117_0040_0173_0173.jpg 1 117 40 173 173
0433_0068_0245_0057_0057.jpg 1 68 245 57 57
0434_0055_0076_0145_0145.jpg 1 55 76 145 145
0435_0171_0069_0157_0157.jpg 1 171 69 157 157
0436_0047_0097_0077_0077.jpg 1 47 97 77 77
0437_0064_0135_0220_0220.jpg 1 64 135 220 220
0438_0048_0156_0151_0151.jpg 1 48 156 151 151
0439_0115_0032_0249_0249.jpg 1 115 32 249 249
0440_0048_0085_0040_0040.jpg 1 48 85 40 40
0441_0131_0031_0214_0214.jpg 1 131 31 214 214
0442_0149_0130_0195_0195.jpg 1 149 130 195 195
0443_0032_0049_0141_0141.jpg 1 32 49 141 141
0444_0135_0192_0090_0090.jpg 1 135 192 90 90
0445_0114_0035_0212_0212.jpg 1 114 35 212 212
0446_0180_0067_0110_0110.jpg 1 180 67 110 110
0447_0130_0041_0140_0140.jpg 1 130 41 140 140
0448_0057_0085_0270_0270.jpg 1 57 85 270 270
0449_0081_0163_0186_0186.jpg 1 81 163 186 186
0450_0092_0093_0224_0224.jpg 1 92 93 224 224
0451_0129_0064_0230_0230.jpg 1 129 64 230 230
0452_0080_0058_0244_0244.jpg 1 80 58 244 244
0453_0056_0111_0148_0148.jpg 1 56 111 148 148
0454_0039_0124_0081_0081.jpg 1 39 124 81 81
0455_0177_0215_0041_0041.jpg 1 177 215 41 41
0456_0207_0171_0057_0057.jpg 1 207 171 57 57
0457_0045_0117_0247_0247.jpg 1 45 117 247 247
0458_0102_0121_0214_0214.jpg 1 102 121 214 214
0459_0129_0101_0182_0182.jpg 1 129 101 182 182
0460_0120_0091_0218_0218.jpg 1 120 91 218 218
0461_0172_0042_0065_0065.jpg 1 172 42 65 65
0462_0138_0036_0153_0153.jpg 1 138 36 153 153
0463_0151_0172_0164_0164.jpg 1 151 172 164 164
0464_0049_0094_0263_0263.jpg 1 49 94 263 263
0465_0070_0092_0260_0260.jpg 1 70 92 260 260
0466_0078_0284_0025_0025.jpg 1 78 284 25 25
0467_0110_0086_0238_0238.jpg 1 110 86 238 238
0468_0119_0106_0038_0038.jpg 1 119 106 38 38
0469_0229_0096_0109_0109.jpg 1 229 96 109 109
0470_0101_0079_0263_0263.jpg 1 101 79 263 263
0471_0049_0183_0118_0118.jpg 1 49 183 118 118
0472_0151_0079_0028_0028.jpg 1 151 79 28 28
0473_0107_0158_0076_0076.jpg 1 107 158 76 76
0474_0096_0112_0077_0077.jpg 1 96 112 77 77
0475_0104_0084_0200_0200.jpg 1 104 84 200 200
0476_0267_0271_0043_0043.jpg 1 267 271 43 43
0477_0105_0074_0134_0134.jpg 1 105 74 134 134
0478_0126_0031_0210_0210.jpg 1 126 31 210 210
0479_0186_0171_0098_0098.jpg 1 186 171 98 98
0480_0132_0252_0067_0067.jpg 1 132 252 67 67
0481_0148_0071_0104_0104.jpg 1 148 71 104 104
0482_0182_0090_0061_0061.jpg 1 182 90 61 61
0483_0113_0033_0193_0193.jpg 1 113 33 193 193
0484_0117_0042_0243_0243.jpg 1 117 42 243 243
0485_0213_0033_0114_0114.jpg 1 213 33 114 114
0486_0113_0069_0223_0223.jpg 1 113 69 223 223
0487_0196_0084_0125_0125.jpg 1 196 84 125 125
0488_0094_0022_0267_0267.jpg 1 94 22 267 267
0489_0069_0068_0252_0252.jpg 1 69 68 252 252
0490_0237_0076_0087_0087.jpg 1 237 76 87 87
0491_0174_0109_0109_0109.jpg 1 174 109 109 109
0492_0116_0024_0201_0201.jpg 1 116 24 201 201
0493_0149_0064_0121_0121.jpg 1 149 64 121 121
0494_0103_0098_0246_0246.jpg 1 103 98 246 246
0495_0148_0075_0172_0172.jpg 1 148 75 172 172
0496_0079_0158_0137_0137.jpg 1 79 158 137 137
0497_0090_0060_0279_0279.jpg 1 90 60 279 279
0498_0029_0105_0217_0217.jpg 1 29 105 217 217
0499_0211_0072_0035_0035.jpg 1 211 72 35 35
0500_0057_0079_0221_0221.jpg 1 57 79 221 221
0501_0255_0040_0061_0061.jpg 1 255 40 61 61
0502_0095_0052_0253_0253.jpg 1 95 52 253 253
0503_0032_0132_0086_0086.jpg 1 32 132 86 86
0504_0268_0129_0033_0033.jpg 1 268 129 33 33
0505_0021_0027_0274_0274.jpg 1 21 27 274 274
0506_0279_0048_0026_0026.jpg 1 279 48 26 26
0507_0206_0177_0107_0107.jpg 1 206 177 107 107
0508_0043_0121_0201_0201.jpg 1 43 121 201 201
0509_0031_0043_0177_0177.jpg 1 31 43 177 177
0510_0112_0092_0217_0217.jpg 1 112 92 217 217
0511_0110_0094_0102_0102.jpg 1 110 94 102 102
0512_0220_0095_0080_0080.jpg 1 220 95 80 80
0513_0137_0089_0110_0110.jpg 1 137 89 110 110
0514_0070_0173_0078_0078.jpg 1 70 173 78 78
0515_0121_0052_0094_0094.jpg 1 121 52 94 94
0516_0078_0189_0138_0138.jpg 1 78 189 138 138
0517_0092_0066_0232_0232.jpg 1 92 66 232 232
0518_0242_0209_0068_0068.jpg 1 242 209 68 68
0519_0136_0148_0170_0170.jpg 1 136 148 170 170
0520_0196_0096_0067_0067.jpg 1 196 96 67 67
0521_0160_0115_0177_0177.jpg 1 160 115 177 177
0522_0023_0128_0224_0224.jpg 1 23 128 224 224
0523_0141_0074_0217_0217.jpg 1 141 74 217 217
0524_0090_0069_0268_0268.jpg 1 90 69 268 268
0525_0054_0097_0255_0255.jpg 1 54 97 255 255
0526_0267_0107_0032_0032.jpg 1 267 107 32 32
0527_0204_0263_0061_0061.jpg 1 204 263 61 61
0528_0262_0203_0049_0049.jpg 1 262 203 49 49
0529_0111_0106_0069_0069.jpg 1 111 106 69 69
0530_0144_0154_0113_0113.jpg 1 144 154 113 113
0531_0094_0021_0254_0254.jpg 1 94 21 254 254
0532_0075_0206_0048_0048.jpg 1 75 206 48 48
0533_0177_0169_0054_0054.jpg 1 177 169 54 54
0534_0147_0059_0173_0173.jpg 1 147 59 173 173
0535_0057_0138_0118_0118.jpg 1 57 138 118 118
0536_0070_0112_0223_0223.jpg 1 70 112 223 223
0537_0156_0181_0132_0132.jpg 1 156 181 132 132
0538_0109_0090_0240_0240.jpg 1 109 90 240 240
0539_0060_0185_0026_0026.jpg 1 60 185 26 26
0540_0220_0179_0114_0114.jpg 1 220 179 114 114
0541_0081_0107_0260_0260.jpg 1 81 107 260 260
0542_0127_0049_0068_0068.jpg 1 127 49 68 68
0543_0264_0108_0064_0064.jpg 1 264 108 64 64
0544_0082_0094_0228_0228.jpg 1 82 94 228 228
0545_0091_0156_0204_0204.jpg 1 91 156 204 204
0546_0055_0165_0149_0149.jpg 1 55 165 149 149
0547_0066_0130_0106_0106.jpg 1 66 130 106 106
0548_0118_0067_0249_0249.jpg 1 118 67 249 249
0549_0030_0142_0205_0205.jpg 1 30 142 205 205
0550_0253_0178_0042_0042.jpg 1 253 178 42 42
0551_0182_0130_0170_0170.jpg 1 182 130 170 170
0552_0095_0123_0048_0048.jpg 1 95 123 48 48
0553_0199_0029_0134_0134.jpg 1 199 29 134 134
0554_0120_0178_0111_0111.jpg 1 120 178 111 111
0555_0038_0169_0045_0045.jpg 1 38 169 45 45
0556_0063_0044_0242_0242.jpg 1 63 44 242 242
0557_0098_0092_0230_0230.jpg 1 98 92 230 230
0558_0073_0083_0261_0261.jpg 1 73 83 261 261
0559_0023_0040_0210_0210.jpg 1 23 40 210 210
0560_0081_0096_0200_0200.jpg 1 81 96 200 200
0561_0217_0089_0098_0098.jpg 1 217 89 98 98
0562_0192_0078_0115_0115.jpg 1 192 78 115 115
0563_0038_0150_0186_0186.jpg 1 38 150 186 186
0564_0077_0041_0168_0168.jpg 1 77 41 168 168
0565_0081_0037_0218_0218.jpg 1 81 37 218 218
0566_0219_0247_0048_0048.jpg 1 219 247 48 48
0567_0035_0189_0119_0119.jpg 1 35 189 119 119
0568_0053_0042_0026_0026.jpg 1 53 42 26 26
0569_0199_0176_0139_0139.jpg 1 199 176 139 139
0570_0058_0201_0025_0025.jpg 1 58 201 25 25
0571_0124_0180_0067_0067.jpg 1 124 180 67 67
0572_0086_0155_0116_0116.jpg 1 86 155 116 116
0573_0068_0154_0058_0058.jpg 1 68 154 58 58
0574_0121_0084_0231_0231.jpg 1 121 84 231 231
0575_0246_0053_0090_0090.jpg 1 246 53 90 90
0576_0211_0193_0036_0036.jpg 1 211 193 36 36
0577_0190_0081_0160_0160.jpg 1 190 81 160 160
0578_0136_0068_0220_0220.jpg 1 136 68 220 220
0579_0119_0110_0219_0219.jpg 1 119 110 219 219
0580_0136_0115_0056_0056.jpg 1 136 115 56 56
0581_0036_0199_0081_0081.jpg 1 36 199 81 81
0582_0048_0064_0244_0244.jpg 1 48 64 244 244
0583_0290_0231_0024_0024.jpg 1 290 231 24 24
0584_0080_0204_0044_0044.jpg 1 80 204 44 44
0585_0207_0214_0118_0118.jpg 1 207 214 118 118
0586_0284_0227_0043_0043.jpg 1 284 227 43 43
0587_0045_0087_0200_0200.jpg 1 45 87 200 200
0588_0097_0059_0119_0119.jpg 1 97 59 119 119
0589_0122_0199_0055_0055.jpg 1 122 199 55 55
0590_0111_0053_0127_0127.jpg 1 111 53 127 127
0591_0073_0263_0070_0070.jpg 1 73 263 70 70
0592_0245_0231_0078_0078.jpg 1 245 231 78 78
0593_0195_0191_0120_0120.jpg 1 195 191 120 120
0594_0091_0173_0028_0028.jpg 1 91 173 28 28
0595_0038_0157_0146_0146.jpg 1 38 157 146 146
0596_0234_0132_0099_0099.jpg 1 234 132 99 99
0597_0267_0052_0044_0044.jpg 1 267 52 44 44
0598_0026_0113_0258_0258.jpg 1 26 113 258 258
0599_0097_0080_0257_0257.jpg 1 97 80 257 257
0600_0287_0072_0033_0033.jpg 1 287 72 33 33
0601_0227_0041_0112_0112.jpg 1 227 41 112 112
0602_0217_0211_0108_0108.jpg 1 217 211 108 108
0603_0091_0098_0215_0215.jpg 1 91 98 215 215
0604_0131_0149_0166_0166.jpg 1 131 149 166 166
0605_0073_0057_0227_0227.jpg 1 73 57 227 227
0606_0130_0172_0034_0034.jpg 1 130 172 34 34
0607_0117_0062_0213_0213.jpg 1 117 62 213 213
0608_0048_0258_0063_0063.jpg 1 48 258 63 63
0609_0187_0094_0152_0152.jpg 1 187 94 152 152
0610_0015_0118_0251_0251.jpg 1 15 118 251 251
0611_0087_0053_0064_0064.jpg 1 87 53 64 64
0612_0155_0141_0204_0204.jpg 1 155 141 204 204
0613_0139_0040_0110_0110.jpg 1 139 40 110 110
0614_0152_0097_0188_0188.jpg 1 152 97 188 188
0615_0151_0045_0165_0165.jpg 1 151 45 165 165
0616_0067_0056_0247_0247.jpg 1 67 56 247 247
0617_0082_0091_0279_0279.jpg 1 82 91 279 279
0618_0039_0060_0191_0191.jpg 1 39 60 191 191
0619_0035_0035_0234_0234.jpg 1 35 35 234 234
0620_0113_0146_0056_0056.jpg 1 113 146 56 56
0621_0088_0070_0231_0231.jpg 1 88 70 231 231
0622_0118_0156_0156_0156.jpg 1 118 156 156 156
0623_0291_0069_0035_0035.jpg 1 291 69 35 35
0624_0217_0216_0088_0088.jpg 1 217 216 88 88
0625_0067_0046_0241_0241.jpg 1 67 46 241 241
0626_0091_0040_0193_0193.jpg 1 91 40 193 193
0627_0076_0190_0161_0161.jpg 1 76 190 161 161
0628_0042_0023_0246_0246.jpg 1 42 23 246 246
0629_0037_0201_0132_0132.jpg 1 37 201 132 132
0630_0103_0163_0098_0098.jpg 1 103 163 98 98
0631_0038_0019_0227_0227.jpg 1 38 19 227 227
0632_0075_0157_0028_0028.jpg 1 75 157 28 28
0633_0119_0083_0203_0203.jpg 1 119 83 203 203
0634_0211_0139_0079_0079.jpg 1 211 139 79 79
0635_0253_0114_0040_0040.jpg 1 253 114 40 40
0636_0134_0096_0169_0169.jpg 1 134 96 169 169
0637_0206_0144_0100_0100.jpg 1 206 144 100 100
0638_0143_0149_0115_0115.jpg 1 143 149 115 115
0639_0065_0155_0128_0128.jpg 1 65 155 128 128
0640_0040_0098_0263_0263.jpg 1 40 98 263 263
0641_0030_0017_0264_0264.jpg 1 30 17 264 264
0642_0039_0039_0158_0158.jpg 1 39 39 158 158
0643_0055_0058_0262_0262.jpg 1 55 58 262 262
0644_0140_0052_0204_0204.jpg 1 140 52 204 204
0645_0090_0019_0258_0258.jpg 1 90 19 258 258
0646_0093_0032_0255_0255.jpg 1 93 32 255 255
0647_0042_0093_0225_0225.jpg 1 42 93 225 225
0648_0077_0112_0202_0202.jpg 1 77 112 202 202
0649_0063_0187_0160_0160.jpg 1 63 187 160 160
0650_0085_0134_0108_0108.jpg 1 85 134 108 108
0651_0180_0160_0172_0172.jpg 1 180 160 172 172
0652_0184_0129_0115_0115.jpg 1 184 129 115 115
0653_0080_0069_0203_0203.jpg 1 80 69 203 203
0654_0208_0146_0116_0116.jpg 1 208 146 116 116
0655_0062_0018_0242_0242.jpg 1 62 18 242 242
0656_0114_0182_0088_0088.jpg 1 114 182 88 88
0657_0120_0022_0184_0184.jpg 1 120 22 184 184
0658_0278_0196_0050_0050.jpg 1 278 196 50 50
0659_0157_0060_0202_0202.jpg 1 157 60 202 202
0660_0038_0071_0129_0129.jpg 1 38 71 129 129
0661_0184_0083_0099_0099.jpg 1 184 83 99 99
0662_0087_0228_0055_0055.jpg 1 87 228 55 55
0663_0093_0163_0058_0058.jpg 1 93 163 58 58
0664_0147_0094_0055_0055.jpg 1 147 94 55 55
0665_0118_0025_0188_0188.jpg 1 118 25 188 188
0666_0086_0151_0100_0100.jpg 1 86 151 100 100
0667_0107_0141_0035_0035.jpg 1 107 141 35 35
0668_0170_0205_0133_0133.jpg 1 170 205 133 133
0669_0271_0155_0054_0054.jpg 1 271 155 54 54
0670_0105_0134_0129_0129.jpg 1 105 134 129 129
0671_0179_0167_0087_0087.jpg 1 179 167 87 87
0672_0014_0069_0273_0273.jpg 1 14 69 273 273
0673_0221_0084_0103_0103.jpg 1 221 84 103 103
0674_0160_0094_0081_0081.jpg 1 160 94 81 81
0675_0106_0204_0128_0128.jpg 1 106 204 128 128
0676_0060_0024_0269_0269.jpg 1 60 24 269 269
0677_0068_0040_0027_0027.jpg 1 68 40 27 27
0678_0121_0215_0089_0089.jpg 1 121 215 89 89
0679_0186_0214_0060_0060.jpg 1 186 214 60 60
0680_0114_0123_0172_0172.jpg 1 114 123 172 172
0681_0074_0202_0115_0115.jpg 1 74 202 115 115
0682_0068_0102_0244_0244.jpg 1 68 102 244 244
0683_0078_0083_0227_0227.jpg 1 78 83 227 227
0684_0091_0220_0061_0061.jpg 1 91 220 61 61
0685_0115_0142_0204_0204.jpg 1 115 142 204 204
0686_0030_0172_0175_0175.jpg 1 30 172 175 175
0687_0065_0187_0120_0120.jpg 1 65 187 120 120
0688_0232_0181_0109_0109.jpg 1 232 181 109 109
0689_0089_0146_0198_0198.jpg 1 89 146 198 198
0690_0175_0192_0126_0126.jpg 1 175 192 126 126
0691_0142_0158_0181_0181.jpg 1 142 158 181 181
0692_0188_0034_0111_0111.jpg 1 188 34 111 111
0693_0104_0167_0112_0112.jpg 1 104 167 112 112
0694_0054_0037_0225_0225.jpg 1 54 37 225 225
0695_0102_0058_0086_0086.jpg 1 102 58 86 86
0696_0137_0058_0223_0223.jpg 1 137 58 223 223
0697_0092_0059_0138_0138.jpg 1 92 59 138 138
0698_0128_0032_0228_0228.jpg 1 128 32 228 228
0699_0072_0087_0255_0255.jpg 1 72 87 255 255
0700_0174_0187_0112_0112.jpg 1 174 187 112 112
0701_0025_0080_0250_0250.jpg 1 25 80 250 250
0702_0047_0236_0027_0027.jpg 1 47 236 27 27
0703_0059_0023_0202_0202.jpg 1 59 23 202 202
0704_0202_0080_0033_0033.jpg 1 202 80 33 33
0705_0113_0081_0170_0170.jpg 1 113 81 170 170
0706_0162_0125_0024_0024.jpg 1 162 125 24 24
0707_0163_0183_0028_0028.jpg 1 163 183 28 28
0708_0091_0027_0259_0259.jpg 1 91 27 259 259
0709_0050_0122_0114_0114.jpg 1 50 122 114 114
0710_0084_0172_0141_0141.jpg 1 84 172 141 141
0711_0043_0098_0275_0275.jpg 1 43 98 275 275
0712_0033_0151_0194_0194.jpg 1 33 151 194 194
0713_0134_0110_0211_0211.jpg 1 134 110 211 211
0714_0138_0030_0159_0159.jpg 1 138 30 159 159
0715_0157_0053_0159_0159.jpg 1 157 53 159 159
0716_0289_0177_0025_0025.jpg 1 289 177 25 25
0717_0122_0071_0236_0236.jpg 1 122 71 236 236
0718_0083_0247_0035_0035.jpg 1 83 247 35 35
0719_0186_0182_0127_0127.jpg 1 186 182 127 127
0720_0081_0072_0236_0236.jpg 1 81 72 236 236
0721_0136_0197_0099_0099.jpg 1 136 197 99 99
0722_0020_0084_0217_0217.jpg 1 20 84 217 217
0723_0165_0154_0035_0035.jpg 1 165 154 35 35
0724_0145_0167_0114_0114.jpg 1 145 167 114 114
0725_0031_0038_0259_0259.jpg 1 31 38 259 259
0726_0051_0114_0169_0169.jpg 1 51 114 169 169
0727_0170_0030_0162_0162.jpg 1 170 30 162 162
0728_0056_0059_0266_0266.jpg 1 56 59 266 266
0729_0106_0089_0117_0117.jpg 1 106 89 117 117
0730_0161_0073_0150_0150.jpg 1 161 73 150 150
0731_0065_0084_0244_0244.jpg 1 65 84 244 244
0732_0176_0169_0164_0164.jpg 1 176 169 164 164
0733_0109_0110_0248_0248.jpg 1 109 110 248 248
0734_0097_0151_0148_0148.jpg 1 97 151 148 148
0735_0137_0233_0037_0037.jpg 1 137 233 37 37
0736_0031_0048_0277_0277.jpg 1 31 48 277 277
0737_0030_0102_0230_0230.jpg 1 30 102 230 230
0738_0044_0132_0072_0072.jpg 1 44 132 72 72
0739_0259_0126_0046_0046.jpg 1 259 126 46 46
0740_0074_0163_0171_0171.jpg 1 74 163 171 171
0741_0177_0263_0057_0057.jpg 1 177 263 57 57
0742_0170_0280_0034_0034.jpg 1 170 280 34 34
0743_0085_0173_0137_0137.jpg 1 85 173 137 137
0744_0031_0073_0263_0263.jpg 1 31 73 263 263
0745_0158_0045_0084_0084.jpg 1 158 45 84 84
0746_0109_0160_0077_0077.jpg 1 109 160 77 77
0747_0092_0064_0267_0267.jpg 1 92 64 267 267
0748_0171_0168_0076_0076.jpg 1 171 168 76 76
0749_0062_0117_0231_0231.jpg 1 62 117 231 231
0750_0077_0096_0276_0276.jpg 1 77 96 276 276
0751_0126_0021_0214_0214.jpg 1 126 21 214 214
0752_0227_0272_0026_0026.jpg 1 227 272 26 26
0753_0205_0040_0087_0087.jpg 1 205 40 87 87
0754_0032_0107_0140_0140.jpg 1 32 107 140 140
0755_0082_0065_0257_0257.jpg 1 82 65 257 257
0756_0102_0152_0043_0043.jpg 1 102 152 43 43
0757_0138_0103_0212_0212.jpg 1 138 103 212 212
0758_0048_0095_0237_0237.jpg 1 48 95 237 237
0759_0131_0174_0171_0171.jpg 1 131 174 171 171
0760_0197_0216_0054_0054.jpg 1 197 216 54 54
0761_0113_0069_0058_0058.jpg 1 113 69 58 58
0762_0076_0013_0278_0278.jpg 1 76 13 278 278
0763_0083_0036_0176_0176.jpg 1 83 36 176 176
0764_0182_0152_0143_0143.jpg 1 182 152 143 143
0765_0152_0037_0145_0145.jpg 1 152 37 145 145
0766_0212_0128_0125_0125.jpg 1 212 128 125 125
0767_0143_0204_0060_0060.jpg 1 143 204 60 60
0768_0083_0036_0166_0166.jpg 1 83 36 166 166
0769_0152_0186_0101_0101.jpg 1 152 186 101 101
0770_0170_0158_0094_0094.jpg 1 170 158 94 94
0771_0243_0183_0047_0047.jpg 1 243 183 47 47
0772_0078_0184_0040_0040.jpg 1 78 184 40 40
0773_0103_0026_0271_0271.jpg 1 103 26 271 271
0774_0058_0028_0272_0272.jpg 1 58 28 272 272
0775_0158_0185_0108_0108.jpg 1 158 185 108 108
0776_0093_0252_0043_0043.jpg 1 93 252 43 43
0777_0162_0077_0163_0163.jpg 1 162 77 163 163
0778_0061_0066_0243_0243.jpg 1 61 66 243 243
0779_0019_0123_0217_0217.jpg 1 19 123 217 217
0780_0121_0057_0245_0245.jpg 1 121 57 245 245
0781_0147_0074_0205_0205.jpg 1 147 74 205 205
0782_0114_0190_0054_0054.jpg 1 114 190 54 54
0783_0176_0118_0080_0080.jpg 1 176 118 80 80
0784_0030_0090_0256_0256.jpg 1 30 90 256 256
0785_0266_0250_0050_0050.jpg 1 266 250 50 50
0786_0219_0269_0052_0052.jpg 1 219 269 52 52
0787_0119_0080_0242_0242.jpg 1 119 80 242 242
0788_0108_0109_0170_0170.jpg 1 108 109 170 170
0789_0234_0079_0073_0073.jpg 1 234 79 73 73
0790_0115_0043_0044_0044.jpg 1 115 43 44 44
0791_0063_0104_0164_0164.jpg 1 63 104 164 164
0792_0088_0077_0215_0215.jpg 1 88 77 215 215
0793_0164_0177_0132_0132.jpg 1 164 177 132 132
0794_0126_0247_0041_0041.jpg 1 126 247 41 41
0795_0049_0129_0215_0215.jpg 1 49 129 215 215
0796_0033_0035_0176_0176.jpg 1 33 35 176 176
0797_0108_0209_0061_0061.jpg 1 108 209 61 61
0798_0087_0105_0111_0111.jpg 1 87 105 111 111
0799_0023_0029_0193_0193.jpg 1 23 29 193 193
0800_0239_0191_0028_0028.jpg 1 239 191 28 28
0801_0053_0070_0258_0258.jpg 1 53 70 258 258
0802_0053_0049_0261_0261.jpg 1 53 49 261 261
0803_0099_0029_0258_0258.jpg 1 99 29 258 258
0804_0197_0076_0051_0051.jpg 1 197 76 51 51
0805_0034_0047_0250_0250.jpg 1 34 47 250 250
0806_0207_0132_0112_0112.jpg 1 207 132 112 112
0807_0142_0109_0028_0028.jpg 1 142 109 28 28
0808_0071_0158_0056_0056.jpg 1 71 158 56 56
0809_0088_0241_0037_0037.jpg 1 88 241 37 37
0810_0077_0051_0152_0152.jpg 1 77 51 152 152
0811_0067_0083_0169_0169.jpg 1 67 83 169 169
0812_0132_0084_0228_0228.jpg 1 132 84 228 228
0813_0108_0221_0106_0106.jpg 1 108 221 106 106
0814_0209_0106_0124_0124.jpg 1 209 106 124 124
0815_0077_0037_0203_0203.jpg 1 77 37 203 203
0816_0016_0031_0254_0254.jpg 1 16 31 254 254
0817_0094_0215_0115_0115.jpg 1 94 215 115 115
0818_0221_0128_0103_0103.jpg 1 221 128 103 103
0819_0094_0111_0129_0129.jpg 1 94 111 129 129
0820_0085_0164_0108_0108.jpg 1 85 164 108 108
0821_0054_0158_0097_0097.jpg 1 54 158 97 97
0822_0026_0087_0176_0176.jpg 1 26 87 176 176
0823_0107_0112_0250_0250.jpg 1 107 112 250 250
0824_0034_0054_0191_0191.jpg 1 34 54 191 191
0825_0160_0064_0189_0189.jpg 1 160 64 189 189
0826_0119_0229_0107_0107.jpg 1 119 229 107 107
0827_0073_0182_0150_0150.jpg 1 73 182 150 150
0828_0058_0083_0268_0268.jpg 1 58 83 268 268
0829_0019_0017_0237_0237.jpg 1 19 17 237 237
0830_0033_0199_0111_0111.jpg 1 33 199 111 111
0831_0097_0073_0147_0147.jpg 1 97 73 147 147
0832_0149_0078_0168_0168.jpg 1 149 78 168 168
0833_0130_0063_0036_0036.jpg 1 130 63 36 36
0834_0156_0242_0096_0096.jpg 1 156 242 96 96
0835_0145_0229_0071_0071.jpg 1 145 229 71 71
0836_0098_0051_0167_0167.jpg 1 98 51 167 167
0837_0039_0225_0115_0115.jpg 1 39 225 115 115
0838_0070_0093_0037_0037.jpg 1 70 93 37 37
0839_0114_0130_0204_0204.jpg 1 114 130 204 204
0840_0041_0192_0025_0025.jpg 1 41 192 25 25
0841_0179_0058_0113_0113.jpg 1 179 58 113 113
0842_0083_0096_0253_0253.jpg 1 83 96 253 253
0843_0103_0072_0084_0084.jpg 1 103 72 84 84
0844_0188_0048_0074_0074.jpg 1 188 48 74 74
0845_0104_0096_0192_0192.jpg 1 104 96 192 192
0846_0204_0032_0076_0076.jpg 1 204 32 76 76
0847_0104_0077_0189_0189.jpg 1 104 77 189 189
0848_0150_0208_0028_0028.jpg 1 150 208 28 28
0849_0045_0110_0091_0091.jpg 1 45 110 91 91
0850_0250_0274_0036_0036.jpg 1 250 274 36 36
0851_0140_0108_0214_0214.jpg 1 140 108 214 214
0852_0040_0167_0101_0101.jpg 1 40 167 101 101
0853_0111_0249_0072_0072.jpg 1 111 249 72 72
0854_0033_0033_0115_0115.jpg 1 33 33 115 115
0855_0153_0157_0166_0166.jpg 1 153 157 166 166
0856_0076_0139_0109_0109.jpg 1 76 139 109 109
0857_0058_0066_0201_0201.jpg 1 58 66 201 201
0858_0063_0211_0065_0065.jpg 1 63 211 65 65
0859_0075_0139_0215_0215.jpg 1 75 139 215 215
0860_0071_0052_0260_0260.jpg 1 71 52 260 260
0861_0043_0230_0032_0032.jpg 1 43 230 32 32
0862_0129_0064_0046_0046.jpg 1 129 64 46 46
0863_0091_0113_0200_0200.jpg 1 91 113 200 200
0864_0060_0088_0269_0269.jpg 1 60 88 269 269
0865_0176_0088_0169_0169.jpg 1 176 88 169 169
0866_0127_0089_0189_0189.jpg 1 127 89 189 189
0867_0089_0060_0123_0123.jpg 1 89 60 123 123
0868_0029_0069_0133_0133.jpg 1 29 69 133 133
0869_0078_0075_0072_0072.jpg 1 78 75 72 72
0870_0141_0026_0200_0200.jpg 1 141 26 200 200
0871_0066_0079_0114_0114.jpg 1 66 79 114 114
0872_0181_0165_0157_0157.jpg 1 181 165 157 157
0873_0235_0123_0038_0038.jpg 1 235 123 38 38
0874_0069_0119_0179_0179.jpg 1 69 119 179 179
0875_0209_0086_0058_0058.jpg 1 209 86 58 58
0876_0078_0064_0112_0112.jpg 1 78 64 112 112
0877_0127_0068_0199_0199.jpg 1 127 68 199 199
0878_0129_0146_0141_0141.jpg 1 129 146 141 141
0879_0117_0116_0168_0168.jpg 1 117 116 168 168
0880_0061_0038_0276_0276.jpg 1 61 38 276 276
0881_0073_0044_0257_0257.jpg 1 73 44 257 257
0882_0099_0100_0189_0189.jpg 1 99 100 189 189
0883_0064_0129_0238_0238.jpg 1 64 129 238 238
0884_0028_0144_0203_0203.jpg 1 28 144 203 203
0885_0065_0048_0059_0059.jpg 1 65 48 59 59
0886_0034_0072_0258_0258.jpg 1 34 72 258 258
0887_0028_0071_0273_0273.jpg 1 28 71 273 273
0888_0044_0048_0240_0240.jpg 1 44 48 240 240
0889_0025_0024_0245_0245.jpg 1 25 24 245 245
0890_0187_0204_0114_0114.jpg 1 187 204 114 114
0891_0130_0280_0045_0045.jpg 1 130 280 45 45
0892_0203_0090_0140_0140.jpg 1 203 90 140 140
0893_0070_0213_0062_0062.jpg 1 70 213 62 62
0894_0069_0091_0240_0240.jpg 1 69 91 240 240
0895_0181_0221_0024_0024.jpg 1 181 221 24 24
0896_0187_0249_0088_0088.jpg 1 187 249 88 88
0897_0106_0116_0207_0207.jpg 1 106 116 207 207
0898_0015_0061_0261_0261.jpg 1 15 61 261 261
0899_0031_0036_0242_0242.jpg 1 31 36 242 242
0900_0102_0142_0040_0040.jpg 1 102 142 40 40
0901_0029_0053_0263_0263.jpg 1 29 53 263 263
0902_0139_0061_0136_0136.jpg 1 139 61 136 136
0903_0191_0125_0049_0049.jpg 1 191 125 49 49
0904_0126_0154_0177_0177.jpg 1 126 154 177 177
0905_0067_0123_0221_0221.jpg 1 67 123 221 221
0906_0153_0154_0033_0033.jpg 1 153 154 33 33
0907_0196_0119_0046_0046.jpg 1 196 119 46 46
0908_0054_0287_0033_0033.jpg 1 54 287 33 33
0909_0156_0125_0041_0041.jpg 1 156 125 41 41
0910_0055_0115_0209_0209.jpg 1 55 115 209 209
0911_0043_0081_0215_0215.jpg 1 43 81 215 215
0912_0121_0125_0067_0067.jpg 1 121 125 67 67
0913_0049_0130_0126_0126.jpg 1 49 130 126 126
0914_0104_0168_0118_0118.jpg 1 104 168 118 118
0915_0092_0029_0237_0237.jpg 1 92 29 237 237
0916_0069_0178_0024_0024.jpg 1 69 178 24 24
0917_0120_0210_0107_0107.jpg 1 120 210 107 107
0918_0208_0157_0101_0101.jpg 1 208 157 101 101
0919_0222_0118_0119_0119.jpg 1 222 118 119 119
0920_0173_0176_0056_0056.jpg 1 173 176 56 56
0921_0054_0038_0130_0130.jpg 1 54 38 130 130
0922_0191_0037_0032_0032.jpg 1 191 37 32 32
0923_0101_0106_0236_0236.jpg 1 101 106 236 236
0924_0089_0154_0206_0206.jpg 1 89 154 206 206
0925_0028_0131_0211_0211.jpg 1 28 131 211 211
0926_0055_0161_0173_0173.jpg 1 55 161 173 173
0927_0112_0040_0202_0202.jpg 1 112 40 202 202
0928_0181_0145_0085_0085.jpg 1 181 145 85 85
0929_0086_0159_0144_0144.jpg 1 86 159 144 144
0930_0226_0112_0096_0096.jpg 1 226 112 96 96
0931_0062_0140_0190_0190.jpg 1 62 140 190 190
0932_0206_0207_0047_0047.jpg 1 206 207 47 47
0933_0074_0086_0051_0051.jpg 1 74 86 51 51
0934_0193_0047_0097_0097.jpg 1 193 47 97 97
0935_0188_0155_0143_0143.jpg 1 188 155 143 143
0936_0130_0081_0197_0197.jpg 1 130 81 197 197
0937_0199_0046_0057_0057.jpg 1 199 46 57 57
0938_0155_0172_0111_0111.jpg 1 155 172 111 111
0939_0187_0147_0118_0118.jpg 1 187 147 118 118
0940_0092_0081_0255_0255.jpg 1 92 81 255 255
0941_0127_0144_0034_0034.jpg 1 127 144 34 34
0942_0039_0155_0166_0166.jpg 1 39 155 166 166
0943_0044_0175_0061_0061.jpg 1 44 175 61 61
0944_0182_0257_0063_0063.jpg 1 182 257 63 63
0945_0171_0161_0162_0162.jpg 1 171 161 162 162
0946_0026_0037_0234_0234.jpg 1 26 37 234 234
0947_0020_0068_0255_0255.jpg 1 20 68 255 255
0948_0223_0138_0101_0101.jpg 1 223 138 101 101
0949_0258_0149_0046_0046.jpg 1 258 149 46 46
0950_0042_0090_0214_0214.jpg 1 42 90 214 214
0951_0060_0131_0220_0220.jpg 1 60 131 220 220
0952_0107_0061_0226_0226.jpg 1 107 61 226 226
0953_0094_0180_0136_0136.jpg 1 94 180 136 136
0954_0254_0248_0036_0036.jpg 1 254 248 36 36
0955_0092_0177_0173_0173.jpg 1 92 177 173 173
0956_0029_0201_0123_0123.jpg 1 29 201 123 123
0957_0164_0050_0189_0189.jpg 1 164 50 189 189
0958_0200_0040_0059_0059.jpg 1 200 40 59 59
0959_0231_0221_0078_0078.jpg 1 231 221 78 78
0960_0066_0073_0267_0267.jpg 1 66 73 267 267
0961_0150_0095_0073_0073.jpg 1 150 95 73 73
0962_0049_0259_0074_0074.jpg 1 49 259 74 74
0963_0033_0027_0238_0238.jpg 1 33 27 238 238
0964_0031_0171_0160_0160.jpg 1 31 171 160 160
0965_0197_0157_0105_0105.jpg 1 197 157 105 105
0966_0133_0053_0195_0195.jpg 1 133 53 195 195
0967_0124_0232_0086_0086.jpg 1 124 232 86 86
0968_0094_0259_0059_0059.jpg 1 94 259 59 59
0969_0091_0195_0057_0057.jpg 1 91 195 57 57
0970_0113_0191_0053_0053.jpg 1 113 191 53 53
0971_0016_0069_0240_0240.jpg 1 16 69 240 240
0972_0070_0031_0269_0269.jpg 1 70 31 269 269
0973_0079_0081_0149_0149.jpg 1 79 81 149 149
0974_0119_0140_0095_0095.jpg 1 119 140 95 95
0975_0077_0271_0053_0053.jpg 1 77 271 53 53
0976_0070_0078_0274_0274.jpg 1 70 78 274 274
0977_0115_0015_0254_0254.jpg 1 115 15 254 254
0978_0155_0154_0179_0179.jpg 1 155 154 179 179
0979_0029_0013_0268_0268.jpg 1 29 13 268 268
0980_0053_0121_0040_0040.jpg 1 53 121 40 40
0981_0031_0054_0264_0264.jpg 1 31 54 264 264
0982_0228_0282_0033_0033.jpg 1 228 282 33 33
0983_0151_0121_0141_0141.jpg 1 151 121 141 141
0984_0023_0044_0246_0246.jpg 1 23 44 246 246
0985_0144_0066_0216_0216.jpg 1 144 66 216 216
0986_0142_0059_0205_0205.jpg 1 142 59 205 205
0987_0083_0035_0269_0269.jpg 1 83 35 269 269
0988_0148_0143_0032_0032.jpg 1 148 143 32 32
0989_0070_0045_0267_0267.jpg 1 70 45 267 267
0990_0074_0243_0045_0045.jpg 1 74 243 45 45
0991_0140_0116_0202_0202.jpg 1 140 116 202 202
0992_0126_0216_0087_0087.jpg 1 126 216 87 87
0993_0100_0104_0244_0244.jpg 1 100 104 244 244
0994_0228_0176_0081_0081.jpg 1 228 176 81 81
0995_0031_0015_0252_0252.jpg 1 31 15 252 252
0996_0150_0130_0089_0089.jpg 1 150 130 89 89
0997_0144_0188_0059_0059.jpg 1 144 188 59 59
0998_0128_0114_0159_0159.jpg 1 128 114 159 159
0999_0037_0102_0136_0136.jpg 1 37 102 136 136
1000_0111_0063_0210_0210.jpg 1 111 63 210 210
1001_0154_0163_0074_0074.jpg 1 154 163 74 74
1002_0065_0050_0211_0211.jpg 1 65 50 211 211
1003_0065_0130_0212_0212.jpg 1 65 130 212 212
1004_0235_0036_0061_0061.jpg 1 235 36 61 61
1005_0097_0126_0174_0174.jpg 1 97 126 174 174
1006_0114_0066_0227_0227.jpg 1 114 66 227 227
1007_0100_0104_0217_0217.jpg 1 100 104 217 217
1008_0032_0066_0142_0142.jpg 1 32 66 142 142
1009_0234_0036_0069_0069.jpg 1 234 36 69 69
1010_0194_0075_0142_0142.jpg 1 194 75 142 142
1011_0064_0111_0223_0223.jpg 1 64 111 223 223
1012_0178_0045_0172_0172.jpg 1 178 45 172 172
1013_0125_0230_0046_0046.jpg 1 125 230 46 46
1014_0127_0066_0231_0231.jpg 1 127 66 231 231
1015_0040_0084_0024_0024.jpg 1 40 84 24 24
1016_0087_0085_0226_0226.jpg 1 87 85 226 226
1017_0120_0174_0053_0053.jpg 1 120 174 53 53
1018_0139_0140_0152_0152.jpg 1 139 140 152 152
1019_0048_0129_0165_0165.jpg 1 48 129 165 165
1020_0073_0064_0168_0168.jpg 1 73 64 168 168
1021_0153_0161_0049_0049.jpg 1 153 161 49 49
1022_0091_0061_0261_0261.jpg 1 91 61 261 261
1023_0032_0092_0201_0201.jpg 1 32 92 201 201
1024_0262_0066_0049_0049.jpg 1 262 66 49 49
1025_0172_0245_0075_0075.jpg 1 172 245 75 75
1026_0085_0053_0155_0155.jpg 1 85 53 155 155
1027_0093_0090_0135_0135.jpg 1 93 90 135 135
1028_0104_0119_0248_0248.jpg 1 104 119 248 248
1029_0140_0210_0101_0101.jpg 1 140 210 101 101
1030_0048_0013_0268_0268.jpg 1 48 13 268 268
1031_0280_0157_0048_0048.jpg 1 280 157 48 48
1032_0063_0073_0234_0234.jpg 1 63 73 234 234
1033_0151_0141_0129_0129.jpg 1 151 141 129 129
1034_0276_0167_0044_0044.jpg 1 276 167 44 44
1035_0052_0026_0276_0276.jpg 1 52 26 276 276
1036_0033_0098_0275_0275.jpg 1 33 98 275 275
1037_0195_0053_0076_0076.jpg 1 195 53 76 76
1038_0089_0025_0174_0174.jpg 1 89 25 174 174
1039_0069_0249_0053_0053.jpg 1 69 249 53 53
1040_0164_0142_0134_0134.jpg 1 164 142 134 134
1041_0144_0163_0175_0175.jpg 1 144 163 175 175
1042_0076_0108_0058_0058.jpg 1 76 108 58 58
1043_0047_0208_0067_0067.jpg 1 47 208 67 67
1044_0094_0050_0193_0193.jpg 1 94 50 193 193
1045_0105_0063_0167_0167.jpg 1 105 63 167 167
1046_0048_0179_0167_0167.jpg 1 48 179 167 167
1047_0073_0202_0121_0121.jpg 1 73 202 121 121
1048_0129_0090_0209_0209.jpg 1 129 90 209 209
1049_0088_0031_0232_0232.jpg 1 88 31 232 232
1050_0194_0042_0145_0145.jpg 1 194 42 145 145
1051_0098_0056_0277_0277.jpg 1 98 56 277 277
1052_0258_0191_0055_0055.jpg 1 258 191 55 55
1053_0165_0051_0091_0091.jpg 1 165 51 91 91
1054_0107_0071_0035_0035.jpg 1 107 71 35 35
1055_0186_0223_0094_0094.jpg 1 186 223 94 94
1056_0246_0108_0077_0077.jpg 1 246 108 77 77
1057_0198_0029_0144_0144.jpg 1 198 29 144 144
1058_0079_0062_0196_0196.jpg 1 79 62 196 196
1059_0119_0149_0189_0189.jpg 1 119 149 189 189
1060_0066_0115_0062_0062.jpg 1 66 115 62 62
1061_0045_0027_0228_0228.jpg 1 45 27 228 228
1062_0074_0017_0230_0230.jpg 1 74 17 230 230
1063_0202_0178_0071_0071.jpg 1 202 178 71 71
1064_0117_0131_0127_0127.jpg 1 117 131 127 127
1065_0048_0168_0057_0057.jpg 1 48 168 57 57
1066_0189_0170_0051_0051.jpg 1 189 170 51 51
1067_0070_0224_0109_0109.jpg 1 70 224 109 109
1068_0233_0086_0095_0095.jpg 1 233 86 95 95
1069_0102_0088_0187_0187.jpg 1 102 88 187 187
1070_0134_0122_0196_0196.jpg 1 134 122 196 196
1071_0083_0076_0232_0232.jpg 1 83 76 232 232
1072_0163_0217_0127_0127.jpg 1 163 217 127 127
1073_0161_0186_0167_0167.jpg 1 161 186 167 167
1074_0078_0019_0263_0263.jpg 1 78 19 263 263
1075_0193_0155_0154_0154.jpg 1 193 155 154 154
1076_0067_0036_0172_0172.jpg 1 67 36 172 172
1077_0115_0056_0238_0238.jpg 1 115 56 238 238
1078_0086_0036_0249_0249.jpg 1 86 36 249 249
1079_0220_0057_0072_0072.jpg 1 220 57 72 72
1080_0144_0077_0185_0185.jpg 1 144 77 185 185
1081_0169_0200_0048_0048.jpg 1 169 200 48 48
1082_0118_0051_0248_0248.jpg 1 118 51 248 248
1083_0065_0037_0224_0224.jpg 1 65 37 224 224
1084_0225_0207_0080_0080.jpg 1 225 207 80 80
1085_0262_0223_0037_0037.jpg 1 262 223 37 37
1086_0093_0033_0260_0260.jpg 1 93 33 260 260
1087_0075_0059_0263_0263.jpg 1 75 59 263 263
1088_0129_0171_0127_0127.jpg 1 129 171 127 127
1089_0151_0260_0037_0037.jpg 1 151 260 37 37
1090_0196_0283_0037_0037.jpg 1 196 283 37 37
1091_0116_0094_0077_0077.jpg 1 116 94 77 77
1092_0158_0113_0183_0183.jpg 1 158 113 183 183
1093_0057_0050_0181_0181.jpg 1 57 50 181 181
1094_0077_0081_0039_0039.jpg 1 77 81 39 39
1095_0131_0198_0102_0102.jpg 1 131 198 102 102
1096_0224_0085_0074_0074.jpg 1 224 85 74 74
1097_0065_0112_0193_0193.jpg 1 65 112 193 193
1098_0095_0115_0247_0247.jpg 1 95 115 247 247
1099_0029_0090_0220_0220.jpg 1 29 90 220 220
1100_0205_0122_0059_0059.jpg 1 205 122 59 59
1101_0207_0093_0033_0033.jpg 1 207 93 33 33
1102_0043_0173_0056_0056.jpg 1 43 173 56 56
1103_0152_0212_0040_0040.jpg 1 152 212 40 40
1104_0030_0137_0223_0223.jpg 1 30 137 223 223
1105_0062_0214_0129_0129.jpg 1 62 214 129 129
1106_0020_0081_0242_0242.jpg 1 20 81 242 242
1107_0084_0084_0174_0174.jpg 1 84 84 174 174
1108_0090_0041_0092_0092.jpg 1 90 41 92 92
1109_0052_0122_0184_0184.jpg 1 52 122 184 184
1110_0247_0153_0064_0064.jpg 1 247 153 64 64
1111_0115_0064_0159_0159.jpg 1 115 64 159 159
1112_0134_0173_0110_0110.jpg 1 134 173 110 110
1113_0131_0105_0217_0217.jpg 1 131 105 217 217
1114_0067_0057_0253_0253.jpg 1 67 57 253 253
1115_0119_0068_0148_0148.jpg 1 119 68 148 148
1116_0127_0085_0184_0184.jpg 1 127 85 184 184
1117_0037_0091_0240_0240.jpg 1 37 91 240 240
1118_0220_0057_0105_0105.jpg 1 220 57 105 105
1119_0115_0141_0194_0194.jpg 1 115 141 194 194
1120_0042_0194_0094_0094.jpg 1 42 194 94 94
1121_0072_0063_0227_0227.jpg 1 72 63 227 227
1122_0114_0177_0065_0065.jpg 1 114 177 65 65
1123_0186_0200_0038_0038.jpg 1 186 200 38 38
1124_0073_0017_0237_0237.jpg 1 73 17 237 237
1125_0189_0139_0048_0048.jpg 1 189 139 48 48
1126_0067_0034_0273_0273.jpg 1 67 34 273 273
1127_0174_0082_0028_0028.jpg 1 174 82 28 28
1128_0036_0043_0249_0249.jpg 1 36 43 249 249
1129_0095_0108_0080_0080.jpg 1 95 108 80 80
1130_0110_0169_0141_0141.jpg 1 110 169 141 141
1131_0220_0120_0042_0042.jpg 1 220 120 42 42
1132_0121_0035_0211_0211.jpg 1 121 35 211 211
1133_0130_0177_0069_0069.jpg 1 130 177 69 69
1134_0146_0098_0173_0173.jpg 1 146 98 173 173
1135_0186_0103_0137_0137.jpg 1 186 103 137 137
1136_0102_0064_0270_0270.jpg 1 102 64 270 270
1137_0188_0073_0040_0040.jpg 1 188 73 40 40
1138_0089_0153_0040_0040.jpg 1 89 153 40 40
1139_0182_0204_0141_0141.jpg 1 182 204 141 141
1140_0104_0048_0244_0244.jpg 1 104 48 244 244
1141_0122_0104_0168_0168.jpg 1 122 104 168 168
1142_0086_0195_0148_0148.jpg 1 86 195 148 148
1143_0244_0037_0074_0074.jpg 1 244 37 74 74
1144_0021_0017_0254_0254.jpg 1 21 17 254 254
1145_0088_0044_0199_0199.jpg 1 88 44 199 199
1146_0080_0044_0274_0274.jpg 1 80 44 274 274
1147_0154_0175_0166_0166.jpg 1 154 175 166 166
1148_0062_0096_0228_0228.jpg 1 62 96 228 228
1149_0019_0125_0228_0228.jpg 1 19 125 228 228
1150_0074_0064_0169_0169.jpg 1 74 64 169 169
1151_0101_0125_0231_0231.jpg 1 101 125 231 231
1152_0199_0109_0101_0101.jpg 1 199 109 101 101
1153_0053_0031_0131_0131.jpg 1 53 31 131 131
1154_0247_0120_0065_0065.jpg 1 247 120 65 65
1155_0222_0065_0097_0097.jpg 1 222 65 97 97
1156_0122_0140_0211_0211.jpg 1 122 140 211 211
1157_0234_0130_0066_0066.jpg 1 234 130 66 66
1158_0125_0101_0085_0085.jpg 1 125 101 85 85
1159_0031_0089_0185_0185.jpg 1 31 89 185 185
1160_0061_0044_0088_0088.jpg 1 61 44 88 88
1161_0170_0034_0121_0121.jpg 1 170 34 121 121
1162_0060_0082_0255_0255.jpg 1 60 82 255 255
1163_0085_0151_0205_0205.jpg 1 85 151 205 205
1164_0243_0034_0089_0089.jpg 1 243 34 89 89
1165_0178_0038_0102_0102.jpg 1 178 38 102 102
1166_0186_0172_0038_0038.jpg 1 186 172 38 38
1167_0056_0126_0176_0176.jpg 1 56 126 176 176
1168_0199_0114_0142_0142.jpg 1 199 114 142 142
1169_0145_0052_0204_0204.jpg 1 145 52 204 204
1170_0071_0064_0245_0245.jpg 1 71 64 245 245
1171_0256_0108_0027_0027.jpg 1 256 108 27 27
1172_0273_0234_0055_0055.jpg 1 273 234 55 55
1173_0067_0140_0211_0211.jpg 1 67 140 211 211
1174_0069_0157_0131_0131.jpg 1 69 157 131 131
1175_0075_0052_0173_0173.jpg 1 75 52 173 173
1176_0088_0055_0254_0254.jpg 1 88 55 254 254
1177_0046_0276_0040_0040.jpg 1 46 276 40 40
1178_0049_0073_0168_0168.jpg 1 49 73 168 168
1179_0185_0163_0033_0033.jpg 1 185 163 33 33
1180_0054_0032_0204_0204.jpg 1 54 32 204 204
1181_0033_0040_0260_0260.jpg 1 33 40 260 260
1182_0085_0052_0039_0039.jpg 1 85 52 39 39
1183_0065_0053_0127_0127.jpg 1 65 53 127 127
1184_0202_0084_0047_0047.jpg 1 202 84 47 47
1185_0071_0114_0094_0094.jpg 1 71 114 94 94
1186_0210_0162_0101_0101.jpg 1 210 162 101 101
1187_0083_0230_0025_0025.jpg 1 83 230 25 25
1188_0075_0055_0178_0178.jpg 1 75 55 178 178
1189_0093_0101_0185_0185.jpg 1 93 101 185 185
1190_0055_0112_0228_0228.jpg 1 55 112 228 228
1191_0135_0028_0211_0211.jpg 1 135 28 211 211
1192_0060_0035_0091_0091.jpg 1 60 35 91 91
1193_0166_0076_0072_0072.jpg 1 166 76 72 72
1194_0027_0070_0251_0251.jpg 1 27 70 251 251
1195_0088_0026_0253_0253.jpg 1 88 26 253 253
1196_0072_0265_0041_0041.jpg 1 72 265 41 41
1197_0201_0123_0049_0049.jpg 1 201 123 49 49
1198_0154_0185_0063_0063.jpg 1 154 185 63 63
1199_0226_0222_0078_0078.jpg 1 226 222 78 78
1200_0125_0078_0232_0232.jpg 1 125 78 232 232
1201_0177_0087_0110_0110.jpg 1 177 87 110 110
1202_0082_0123_0239_0239.jpg 1 82 123 239 239
1203_0124_0092_0213_0213.jpg 1 124 92 213 213
1204_0152_0123_0091_0091.jpg 1 152 123 91 91
1205_0205_0197_0113_0113.jpg 1 205 197 113 113
1206_0154_0190_0152_0152.jpg 1 154 190 152 152
1207_0125_0042_0207_0207.jpg 1 125 42 207 207
1208_0226_0076_0076_0076.jpg 1 226 76 76 76
1209_0113_0128_0215_0215.jpg 1 113 128 215 215
1210_0138_0061_0106_0106.jpg 1 138 61 106 106
1211_0026_0098_0236_0236.jpg 1 26 98 236 236
1212_0105_0071_0108_0108.jpg 1 105 71 108 108
1213_0136_0087_0186_0186.jpg 1 136 87 186 186
1214_0113_0091_0249_0249.jpg 1 113 91 249 249
1215_0093_0162_0057_0057.jpg 1 93 162 57 57
1216_0027_0023_0276_0276.jpg 1 27 23 276 276
1217_0223_0164_0110_0110.jpg 1 223 164 110 110
1218_0240_0248_0043_0043.jpg 1 240 248 43 43
1219_0146_0039_0117_0117.jpg 1 146 39 117 117
1220_0242_0113_0082_0082.jpg 1 242 113 82 82
1221_0052_0247_0076_0076.jpg 1 52 247 76 76
1222_0057_0101_0225_0225.jpg 1 57 101 225 225
1223_0187_0046_0126_0126.jpg 1 187 46 126 126
1224_0021_0142_0203_0203.jpg 1 21 142 203 203
1225_0046_0036_0198_0198.jpg 1 46 36 198 198
1226_0145_0195_0116_0116.jpg 1 145 195 116 116
1227_0027_0077_0262_0262.jpg 1 27 77 262 262
1228_0129_0115_0218_0218.jpg 1 129 115 218 218
1229_0112_0187_0026_0026.jpg 1 112 187 26 26
1230_0112_0270_0036_0036.jpg 1 112 270 36 36
1231_0021_0036_0215_0215.jpg 1 21 36 215 215
1232_0066_0036_0242_0242.jpg 1 66 36 242 242
1233_0066_0049_0063_0063.jpg 1 66 49 63 63
1234_0184_0256_0049_0049.jpg 1 184 256 49 49
1235_0122_0074_0076_0076.jpg 1 122 74 76 76
1236_0066_0086_0274_0274.jpg 1 66 86 274 274
1237_0061_0082_0071_0071.jpg 1 61 82 71 71
1238_0203_0142_0053_0053.jpg 1 203 142 53 53
1239_0215_0076_0033_0033.jpg 1 215 76 33 33
1240_0246_0239_0090_0090.jpg 1 246 239 90 90
1241_0017_0046_0279_0279.jpg 1 17 46 279 279
1242_0169_0075_0163_0163.jpg 1 169 75 163 163
1243_0040_0083_0168_0168.jpg 1 40 83 168 168
1244_0064_0029_0243_0243.jpg 1 64 29 243 243
1245_0185_0181_0087_0087.jpg 1 185 181 87 87
1246_0109_0055_0143_0143.jpg 1 109 55 143 143
1247_0120_0140_0123_0123.jpg 1 120 140 123 123
1248_0078_0021_0241_0241.jpg 1 78 21 241 241
1249_0103_0101_0108_0108.jpg 1 103 101 108 108
1250_0198_0181_0145_0145.jpg 1 198 181 145 145
1251_0186_0178_0135_0135.jpg 1 186 178 135 135
1252_0047_0156_0131_0131.jpg 1 47 156 131 131
1253_0111_0062_0236_0236.jpg 1 111 62 236 236
1254_0027_0132_0227_0227.jpg 1 27 132 227 227
1255_0104_0085_0191_0191.jpg 1 104 85 191 191
1256_0169_0168_0117_0117.jpg 1 169 168 117 117
1257_0127_0114_0092_0092.jpg 1 127 114 92 92
1258_0097_0079_0204_0204.jpg 1 97 79 204 204
1259_0188_0148_0080_0080.jpg 1 188 148 80 80
1260_0130_0149_0206_0206.jpg 1 130 149 206 206
1261_0094_0087_0269_0269.jpg 1 94 87 269 269
1262_0057_0099_0133_0133.jpg 1 57 99 133 133
1263_0114_0130_0161_0161.jpg 1 114 130 161 161
1264_0248_0153_0033_0033.jpg 1 248 153 33 33
1265_0239_0244_0026_0026.jpg 1 239 244 26 26
1266_0036_0133_0209_0209.jpg 1 36 133 209 209
1267_0054_0089_0178_0178.jpg 1 54 89 178 178
1268_0223_0150_0104_0104.jpg 1 223 150 104 104
1269_0047_0113_0120_0120.jpg 1 47 113 120 120
1270_0233_0240_0053_0053.jpg 1 233 240 53 53
1271_0167_0093_0188_0188.jpg 1 167 93 188 188
1272_0134_0215_0076_0076.jpg 1 134 215 76 76
1273_0171_0173_0156_0156.jpg 1 171 173 156 156
1274_0071_0214_0045_0045.jpg 1 71 214 45 45
1275_0225_0049_0043_0043.jpg 1 225 49 43 43
1276_0245_0066_0042_0042.jpg 1 245 66 42 42
1277_0123_0085_0074_0074.jpg 1 123 85 74 74
1278_0033_0103_0082_0082.jpg 1 33 103 82 82
1279_0223_0206_0065_0065.jpg 1 223 206 65 65
1280_0036_0044_0078_0078.jpg 1 36 44 78 78
1281_0243_0047_0051_0051.jpg 1 243 47 51 51
1282_0174_0124_0096_0096.jpg 1 174 124 96 96
1283_0211_0267_0045_0045.jpg 1 211 267 45 45
1284_0097_0126_0129_0129.jpg 1 97 126 129 129
1285_0130_0174_0109_0109.jpg 1 130 174 109 109
1286_0147_0161_0186_0186.jpg 1 147 161 186 186
1287_0104_0049_0095_0095.jpg 1 104 49 95 95
1288_0058_0048_0272_0272.jpg 1 58 48 272 272
1289_0048_0118_0103_0103.jpg 1 48 118 103 103
1290_0157_0058_0098_0098.jpg 1 157 58 98 98
1291_0182_0135_0134_0134.jpg 1 182 135 134 134
1292_0213_0176_0102_0102.jpg 1 213 176 102 102
1293_0034_0229_0059_0059.jpg 1 34 229 59 59
1294_0119_0158_0195_0195.jpg 1 119 158 195 195
1295_0097_0049_0183_0183.jpg 1 97 49 183 183
1296_0208_0111_0097_0097.jpg 1 208 111 97 97
1297_0082_0051_0251_0251.jpg 1 82 51 251 251
1298_0106_0032_0143_0143.jpg 1 106 32 143 143
1299_0186_0177_0082_0082.jpg 1 186 177 82 82
1300_0070_0069_0188_0188.jpg 1 70 69 188 188
1301_0093_0043_0206_0206.jpg 1 93 43 206 206
1302_0033_0147_0193_0193.jpg 1 33 147 193 193
1303_0053_0022_0231_0231.jpg 1 53 22 231 231
1304_0134_0052_0183_0183.jpg 1 134 52 183 183
1305_0204_0214_0118_0118.jpg 1 204 214 118 118
1306_0128_0067_0186_0186.jpg 1 128 67 186 186
1307_0025_0041_0251_0251.jpg 1 25 41 251 251
1308_0100_0072_0243_0243.jpg 1 100 72 243 243
1309_0154_0223_0061_0061.jpg 1 154 223 61 61
1310_0035_0162_0043_0043.jpg 1 35 162 43 43
1311_0208_0160_0042_0042.jpg 1 208 160 42 42
1312_0088_0177_0146_0146.jpg 1 88 177 146 146
1313_0061_0022_0196_0196.jpg 1 61 22 196 196
1314_0122_0093_0205_0205.jpg 1 122 93 205 205
1315_0060_0093_0182_0182.jpg 1 60 93 182 182
1316_0078_0030_0264_0264.jpg 1 78 30 264 264
1317_0150_0106_0149_0149.jpg 1 150 106 149 149
1318_0224_0207_0051_0051.jpg 1 224 207 51 51
1319_0047_0097_0036_0036.jpg 1 47 97 36 36
1320_0131_0120_0165_0165.jpg 1 131 120 165 165
1321_0045_0093_0213_0213.jpg 1 45 93 213 213
1322_0074_0228_0082_0082.jpg 1 74 228 82 82
1323_0124_0170_0180_0180.jpg 1 124 170 180 180
1324_0085_0155_0182_0182.jpg 1 85 155 182 182
1325_0155_0165_0033_0033.jpg 1 155 165 33 33
1326_0188_0145_0142_0142.jpg 1 188 145 142 142
1327_0029_0059_0218_0218.jpg 1 29 59 218 218
1328_0127_0096_0162_0162.jpg 1 127 96 162 162
1329_0095_0034_0266_0266.jpg 1 95 34 266 266
1330_0047_0137_0164_0164.jpg 1 47 137 164 164
1331_0266_0187_0059_0059.jpg 1 266 187 59 59
1332_0179_0100_0163_0163.jpg 1 179 100 163 163
1333_0029_0089_0260_0260.jpg 1 29 89 260 260
1334_0044_0160_0123_0123.jpg 1 44 160 123 123
1335_0237_0135_0067_0067.jpg 1 237 135 67 67
1336_0122_0085_0116_0116.jpg 1 122 85 116 116
1337_0080_0089_0162_0162.jpg 1 80 89 162 162
1338_0111_0190_0135_0135.jpg 1 111 190 135 135
1339_0238_0040_0090_0090.jpg 1 238 40 90 90
1340_0162_0267_0042_0042.jpg 1 162 267 42 42
1341_0050_0125_0067_0067.jpg 1 50 125 67 67
1342_0062_0128_0064_0064.jpg 1 62 128 64 64
1343_0135_0117_0135_0135.jpg 1 135 117 135 135
1344_0061_0037_0259_0259.jpg 1 61 37 259 259
1345_0040_0263_0029_0029.jpg 1 40 263 29 29
1346_0116_0224_0052_0052.jpg 1 116 224 52 52
1347_0133_0052_0079_0079.jpg 1 133 52 79 79
1348_0047_0025_0253_0253.jpg 1 47 25 253 253
1349_0095_0170_0069_0069.jpg 1 95 170 69 69
1350_0099_0067_0161_0161.jpg 1 99 67 161 161
1351_0161_0105_0129_0129.jpg 1 161 105 129 129
1352_0109_0075_0191_0191.jpg 1 109 75 191 191
1353_0147_0038_0187_0187.jpg 1 147 38 187 187
1354_0036_0069_0148_0148.jpg 1 36 69 148 148
1355_0088_0065_0132_0132.jpg 1 88 65 132 132
1356_0021_0024_0276_0276.jpg 1 21 24 276 276
1357_0075_0061_0198_0198.jpg 1 75 61 198 198
1358_0033_0084_0265_0265.jpg 1 33 84 265 265
1359_0055_0173_0153_0153.jpg 1 55 173 153 153
1360_0087_0051_0196_0196.jpg 1 87 51 196 196
1361_0070_0016_0263_0263.jpg 1 70 16 263 263
1362_0087_0097_0097_0097.jpg 1 87 97 97 97
1363_0063_0018_0261_0261.jpg 1 63 18 261 261
1364_0038_0030_0260_0260.jpg 1 38 30 260 260
1365_0109_0103_0240_0240.jpg 1 109 103 240 240
1366_0111_0064_0071_0071.jpg 1 111 64 71 71
1367_0181_0155_0079_0079.jpg 1 181 155 79 79
1368_0088_0137_0054_0054.jpg 1 88 137 54 54
1369_0036_0109_0087_0087.jpg 1 36 109 87 87
1370_0094_0216_0069_0069.jpg 1 94 216 69 69
1371_0133_0067_0129_0129.jpg 1 133 67 129 129
1372_0236_0064_0058_0058.jpg 1 236 64 58 58
1373_0098_0166_0045_0045.jpg 1 98 166 45 45
1374_0035_0043_0166_0166.jpg 1 35 43 166 166
1375_0189_0087_0148_0148.jpg 1 189 87 148 148
1376_0085_0076_0194_0194.jpg 1 85 76 194 194
1377_0218_0158_0037_0037.jpg 1 218 158 37 37
1378_0065_0136_0086_0086.jpg 1 65 136 86 86
1379_0100_0174_0104_0104.jpg 1 100 174 104 104
1380_0047_0131_0124_0124.jpg 1 47 131 124 124
1381_0093_0077_0129_0129.jpg 1 93 77 129 129
1382_0024_0121_0181_0181.jpg 1 24 121 181 181
1383_0061_0073_0166_0166.jpg 1 61 73 166 166
1384_0024_0023_0210_0210.jpg 1 24 23 210 210
1385_0119_0156_0133_0133.jpg 1 119 156 133 133
1386_0227_0141_0100_0100.jpg 1 227 141 100 100
1387_0265_0158_0056_0056.jpg 1 265 158 56 56
1388_0290_0129_0036_0036.jpg 1 290 129 36 36
1389_0148_0101_0164_0164.jpg 1 148 101 164 164
1390_0152_0099_0171_0171.jpg 1 152 99 171 171
1391_0069_0222_0032_0032.jpg 1 69 222 32 32
1392_0087_0037_0224_0224.jpg 1 87 37 224 224
1393_0044_0108_0153_0153.jpg 1 44 108 153 153
1394_0137_0170_0148_0148.jpg 1 137 170 148 148
1395_0227_0059_0044_0044.jpg 1 227 59 44 44
1396_0059_0182_0073_0073.jpg 1 59 182 73 73
1397_0037_0167_0165_0165.jpg 1 37 167 165 165
1398_0214_0208_0075_0075.jpg 1 214 208 75 75
1399_0259_0071_0033_0033.jpg 1 259 71 33 33
1400_0083_0147_0179_0179.jpg 1 83 147 179 179
1401_0082_0016_0269_0269.jpg 1 82 16 269 269
1402_0147_0050_0185_0185.jpg 1 147 50 185 185
1403_0071_0019_0237_0237.jpg 1 71 19 237 237
1404_0027_0133_0210_0210.jpg 1 27 133 210 210
1405_0052_0021_0199_0199.jpg 1 52 21 199 199
1406_0036_0153_0162_0162.jpg 1 36 153 162 162
1407_0083_0107_0215_0215.jpg 1 83 107 215 215
1408_0042_0057_0187_0187.jpg 1 42 57 187 187
1409_0049_0096_0265_0265.jpg 1 49 96 265 265
1410_0023_0023_0179_0179.jpg 1 23 23 179 179
1411_0038_0052_0260_0260.jpg 1 38 52 260 260
1412_0147_0034_0168_0168.jpg 1 147 34 168 168
1413_0191_0104_0153_0153.jpg 1 191 104 153 153
1414_0113_0219_0054_0054.jpg 1 113 219 54 54
1415_0064_0023_0251_0251.jpg 1 64 23 251 251
1416_0148_0051_0118_0118.jpg 1 148 51 118 118
1417_0141_0081_0109_0109.jpg 1 141 81 109 109
1418_0235_0089_0041_0041.jpg 1 235 89 41 41
1419_0066_0152_0196_0196.jpg 1 66 152 196 196
1420_0060_0045_0271_0271.jpg 1 60 45 271 271
1421_0059_0070_0263_0263.jpg 1 59 70 263 263
1422_0054_0106_0075_0075.jpg 1 54 106 75 75
1423_0064_0106_0166_0166.jpg 1 64 106 166 166
1424_0022_0038_0237_0237.jpg 1 22 38 237 237
1425_0074_0035_0186_0186.jpg 1 74 35 186 186
1426_0025_0142_0210_0210.jpg 1 25 142 210 210
1427_0073_0059_0173_0173.jpg 1 73 59 173 173
1428_0194_0067_0110_0110.jpg 1 194 67 110 110
1429_0061_0114_0249_0249.jpg 1 61 114 249 249
1430_0148_0114_0069_0069.jpg 1 148 114 69 69
1431_0064_0132_0135_0135.jpg 1 64 132 135 135
1432_0242_0246_0079_0079.jpg 1 242 246 79 79
1433_0182_0074_0152_0152.jpg 1 182 74 152 152
1434_0075_0037_0263_0263.jpg 1 75 37 263 263
1435_0131_0053_0203_0203.jpg 1 131 53 203 203
1436_0063_0120_0175_0175.jpg 1 63 120 175 175
1437_0036_0077_0219_0219.jpg 1 36 77 219 219
1438_0177_0063_0164_0164.jpg 1 177 63 164 164
1439_0062_0038_0277_0277.jpg 1 62 38 277 277
1440_0095_0067_0274_0274.jpg 1 95 67 274 274
1441_0044_0085_0024_0024.jpg 1 44 85 24 24
1442_0114_0084_0232_0232.jpg 1 114 84 232 232
1443_0129_0055_0214_0214.jpg 1 129 55 214 214
1444_0114_0104_0231_0231.jpg 1 114 104 231 231
1445_0187_0207_0110_0110.jpg 1 187 207 110 110
1446_0058_0143_0031_0031.jpg 1 58 143 31 31
1447_0064_0193_0153_0153.jpg 1 64 193 153 153
1448_0258_0187_0030_0030.jpg 1 258 187 30 30
1449_0045_0038_0247_0247.jpg 1 45 38 247 247
1450_0140_0024_0209_0209.jpg 1 140 24 209 209
1451_0187_0192_0054_0054.jpg 1 187 192 54 54
1452_0058_0140_0207_0207.jpg 1 58 140 207 207
1453_0116_0124_0142_0142.jpg 1 116 124 142 142
1454_0148_0139_0173_0173.jpg 1 148 139 173 173
1455_0082_0063_0233_0233.jpg 1 82 63 233 233
1456_0078_0143_0212_0212.jpg 1 78 143 212 212
1457_0065_0077_0267_0267.jpg 1 65 77 267 267
1458_0109_0151_0044_0044.jpg 1 109 151 44 44
1459_0150_0046_0199_0199.jpg 1 150 46 199 199
1460_0243_0059_0093_0093.jpg 1 243 59 93 93
1461_0153_0119_0147_0147.jpg 1 153 119 147 147
1462_0174_0201_0048_0048.jpg 1 174 201 48 48
1463_0100_0044_0154_0154.jpg 1 100 44 154 154
1464_0083_0089_0155_0155.jpg 1 83 89 155 155
1465_0125_0049_0186_0186.jpg 1 125 49 186 186
1466_0085_0042_0265_0265.jpg 1 85 42 265 265
1467_0116_0100_0153_0153.jpg 1 116 100 153 153
1468_0076_0096_0261_0261.jpg 1 76 96 261 261
1469_0094_0109_0230_0230.jpg 1 94 109 230 230
1470_0022_0055_0222_0222.jpg 1 22 55 222 222
1471_0057_0094_0165_0165.jpg 1 57 94 165 165
1472_0124_0098_0169_0169.jpg 1 124 98 169 169
1473_0068_0122_0198_0198.jpg 1 68 122 198 198
1474_0155_0045_0116_0116.jpg 1 155 45 116 116
1475_0121_0061_0212_0212.jpg 1 121 61 212 212
1476_0107_0099_0157_0157.jpg 1 107 99 157 157
1477_0090_0161_0080_0080.jpg 1 90 161 80 80
1478_0213_0240_0093_0093.jpg 1 213 240 93 93
1479_0108_0036_0244_0244.jpg 1 108 36 244 244
1480_0059_0122_0070_0070.jpg 1 59 122 70 70
1481_0144_0085_0188_0188.jpg 1 144 85 188 188
1482_0037_0053_0279_0279.jpg 1 37 53 279 279
1483_0152_0153_0171_0171.jpg 1 152 153 171 171
1484_0153_0231_0081_0081.jpg 1 153 231 81 81
1485_0128_0229_0077_0077.jpg 1 128 229 77 77
1486_0118_0063_0066_0066.jpg 1 118 63 66 66
1487_0088_0112_0042_0042.jpg 1 88 112 42 42
1488_0101_0030_0213_0213.jpg 1 101 30 213 213
1489_0070_0040_0134_0134.jpg 1 70 40 134 134
1490_0248_0212_0055_0055.jpg 1 248 212 55 55
1491_0042_0145_0155_0155.jpg 1 42 145 155 155
1492_0176_0102_0154_0154.jpg 1 176 102 154 154
1493_0079_0055_0056_0056.jpg 1 79 55 56 56
1494_0065_0047_0174_0174.jpg 1 65 47 174 174
1495_0077_0050_0180_0180.jpg 1 77 50 180 180
1496_0078_0043_0252_0252.jpg 1 78 43 252 252
1497_0192_0285_0040_0040.jpg 1 192 285 40 40
1498_0111_0072_0248_0248.jpg 1 111 72 248 248
1499_0034_0044_0226_0226.jpg 1 34 44 226 226
1500_0092_0031_0116_0116.jpg 1 92 31 116 116
1501_0146_0047_0058_0058.jpg 1 146 47 58 58
1502_0127_0030_0157_0157.jpg 1 127 30 157 157
1503_0034_0081_0254_0254.jpg 1 34 81 254 254
1504_0269_0038_0056_0056.jpg 1 269 38 56 56
1505_0075_0188_0070_0070.jpg 1 75 188 70 70
1506_0154_0072_0184_0184.jpg 1 154 72 184 184
1507_0147_0074_0116_0116.jpg 1 147 74 116 116
1508_0156_0162_0138_0138.jpg 1 156 162 138 138
1509_0076_0226_0034_0034.jpg 1 76 226 34 34
1510_0041_0157_0037_0037.jpg 1 41 157 37 37
1511_0271_0109_0044_0044.jpg 1 271 109 44 44
1512_0049_0168_0179_0179.jpg 1 49 168 179 179
1513_0094_0135_0229_0229.jpg 1 94 135 229 229
1514_0118_0060_0223_0223.jpg 1 118 60 223 223
1515_0081_0239_0073_0073.jpg 1 81 239 73 73
1516_0087_0072_0238_0238.jpg 1 87 72 238 238
1517_0085_0084_0255_0255.jpg 1 85 84 255 255
1518_0050_0149_0153_0153.jpg 1 50 149 153 153
1519_0076_0035_0252_0252.jpg 1 76 35 252 252
1520_0175_0232_0049_0049.jpg 1 175 232 49 49
1521_0180_0078_0061_0061.jpg 1 180 78 61 61
1522_0099_0149_0131_0131.jpg 1 99 149 131 131
1523_0074_0038_0102_0102.jpg 1 74 38 102 102
1524_0139_0135_0210_0210.jpg 1 139 135 210 210
1525_0102_0062_0259_0259.jpg 1 102 62 259 259
1526_0066_0049_0143_0143.jpg 1 66 49 143 143
1527_0263_0094_0056_0056.jpg 1 263 94 56 56
1528_0079_0027_0245_0245.jpg 1 79 27 245 245
1529_0122_0075_0202_0202.jpg 1 122 75 202 202
1530_0152_0047_0051_0051.jpg 1 152 47 51 51
1531_0054_0019_0275_0275.jpg 1 54 19 275 275
1532_0186_0114_0084_0084.jpg 1 186 114 84 84
1533_0044_0053_0200_0200.jpg 1 44 53 200 200
1534_0032_0068_0106_0106.jpg 1 32 68 106 106
1535_0056_0048_0070_0070.jpg 1 56 48 70 70
1536_0198_0121_0046_0046.jpg 1 198 121 46 46
1537_0106_0260_0036_0036.jpg 1 106 260 36 36
1538_0109_0155_0143_0143.jpg 1 109 155 143 143
1539_0076_0171_0155_0155.jpg 1 76 171 155 155
1540_0118_0104_0071_0071.jpg 1 118 104 71 71
1541_0023_0050_0239_0239.jpg 1 23 50 239 239
1542_0023_0038_0227_0227.jpg 1 23 38 227 227
1543_0119_0054_0159_0159.jpg 1 119 54 159 159
1544_0110_0070_0104_0104.jpg 1 110 70 104 104
1545_0061_0053_0184_0184.jpg 1 61 53 184 184
1546_0095_0066_0263_0263.jpg 1 95 66 263 263
1547_0035_0154_0138_0138.jpg 1 35 154 138 138
1548_0121_0203_0076_0076.jpg 1 121 203 76 76
1549_0093_0097_0201_0201.jpg 1 93 97 201 201
1550_0221_0050_0041_0041.jpg 1 221 50 41 41
1551_0121_0037_0099_0099.jpg 1 121 37 99 99
1552_0223_0057_0047_0047.jpg 1 223 57 47 47
1553_0063_0099_0273_0273.jpg 1 63 99 273 273
1554_0137_0045_0148_0148.jpg 1 137 45 148 148
1555_0132_0152_0188_0188.jpg 1 132 152 188 188
1556_0093_0034_0193_0193.jpg 1 93 34 193 193
1557_0116_0026_0246_0246.jpg 1 116 26 246 246
1558_0083_0078_0266_0266.jpg 1 83 78 266 266
1559_0044_0071_0209_0209.jpg 1 44 71 209 209
1560_0119_0197_0145_0145.jpg 1 119 197 145 145
1561_0168_0103_0172_0172.jpg 1 168 103 172 172
1562_0069_0054_0269_0269.jpg 1 69 54 269 269
1563_0101_0064_0201_0201.jpg 1 101 64 201 201
1564_0076_0082_0210_0210.jpg 1 76 82 210 210
1565_0067_0149_0148_0148.jpg 1 67 149 148 148
1566_0033_0062_0272_0272.jpg 1 33 62 272 272
1567_0183_0079_0108_0108.jpg 1 183 79 108 108
1568_0211_0157_0131_0131.jpg 1 211 157 131 131
1569_0032_0031_0092_0092.jpg 1 32 31 92 92
1570_0058_0116_0179_0179.jpg 1 58 116 179 179
1571_0169_0229_0069_0069.jpg 1 169 229 69 69
1572_0116_0103_0064_0064.jpg 1 116 103 64 64
1573_0080_0164_0104_0104.jpg 1 80 164 104 104
1574_0105_0167_0124_0124.jpg 1 105 167 124 124
1575_0120_0151_0114_0114.jpg 1 120 151 114 114
1576_0083_0093_0109_0109.jpg 1 83 93 109 109
1577_0085_0143_0095_0095.jpg 1 85 143 95 95
1578_0160_0230_0096_0096.jpg 1 160 230 96 96
1579_0264_0038_0037_0037.jpg 1 264 38 37 37
1580_0066_0227_0113_0113.jpg 1 66 227 113 113
1581_0064_0176_0161_0161.jpg 1 64 176 161 161
1582_0072_0168_0141_0141.jpg 1 72 168 141 141
1583_0205_0237_0042_0042.jpg 1 205 237 42 42
1584_0100_0260_0047_0047.jpg 1 100 260 47 47
1585_0044_0042_0196_0196.jpg 1 44 42 196 196
1586_0113_0032_0093_0093.jpg 1 113 32 93 93
1587_0075_0046_0273_0273.jpg 1 75 46 273 273
1588_0025_0026_0220_0220.jpg 1 25 26 220 220
1589_0086_0080_0204_0204.jpg 1 86 80 204 204
1590_0093_0225_0059_0059.jpg 1 93 225 59 59
1591_0113_0041_0085_0085.jpg 1 113 41 85 85
1592_0150_0210_0036_0036.jpg 1 150 210 36 36
1593_0078_0084_0253_0253.jpg 1 78 84 253 253
1594_0065_0069_0249_0249.jpg 1 65 69 249 249
1595_0084_0015_0252_0252.jpg 1 84 15 252 252
1596_0026_0090_0157_0157.jpg 1 26 90 157 157
1597_0123_0067_0220_0220.jpg 1 123 67 220 220
1598_0204_0179_0078_0078.jpg 1 204 179 78 78
1599_0244_0053_0091_0091.jpg 1 244 53 91 91
1600_0183_0262_0059_0059.jpg 1 183 262 59 59
1601_0132_0134_0157_0157.jpg 1 132 134 157 157
1602_0147_0184_0083_0083.jpg 1 147 184 83 83
1603_0026_0068_0191_0191.jpg 1 26 68 191 191
1604_0064_0090_0216_0216.jpg 1 64 90 216 216
1605_0112_0175_0147_0147.jpg 1 112 175 147 147
1606_0081_0086_0241_0241.jpg 1 81 86 241 241
1607_0101_0059_0065_0065.jpg 1 101 59 65 65
1608_0222_0174_0089_0089.jpg 1 222 174 89 89
1609_0112_0197_0113_0113.jpg 1 112 197 113 113
1610_0090_0061_0271_0271.jpg 1 90 61 271 271
1611_0207_0127_0024_0024.jpg 1 207 127 24 24
1612_0246_0035_0059_0059.jpg 1 246 35 59 59
1613_0146_0195_0062_0062.jpg 1 146 195 62 62
1614_0087_0048_0114_0114.jpg 1 87 48 114 114
1615_0278_0042_0038_0038.jpg 1 278 42 38 38
1616_0174_0219_0034_0034.jpg 1 174 219 34 34
1617_0177_0052_0097_0097.jpg 1 177 52 97 97
1618_0145_0120_0203_0203.jpg 1 145 120 203 203
1619_0038_0129_0168_0168.jpg 1 38 129 168 168
1620_0078_0039_0246_0246.jpg 1 78 39 246 246
1621_0109_0093_0262_0262.jpg 1 109 93 262 262
1622_0166_0133_0137_0137.jpg 1 166 133 137 137
1623_0124_0152_0114_0114.jpg 1 124 152 114 114
1624_0044_0078_0273_0273.jpg 1 44 78 273 273
1625_0031_0137_0178_0178.jpg 1 31 137 178 178
1626_0211_0256_0074_0074.jpg 1 211 256 74 74
1627_0199_0128_0142_0142.jpg 1 199 128 142 142
1628_0045_0135_0144_0144.jpg 1 45 135 144 144
1629_0166_0187_0145_0145.jpg 1 166 187 145 145
1630_0155_0168_0169_0169.jpg 1 155 168 169 169
1631_0140_0072_0153_0153.jpg 1 140 72 153 153
1632_0109_0163_0156_0156.jpg 1 109 163 156 156
1633_0126_0065_0178_0178.jpg 1 126 65 178 178
1634_0132_0257_0032_0032.jpg 1 132 257 32 32
1635_0017_0085_0234_0234.jpg 1 17 85 234 234
1636_0058_0103_0057_0057.jpg 1 58 103 57 57
1637_0096_0027_0199_0199.jpg 1 96 27 199 199
1638_0051_0061_0201_0201.jpg 1 51 61 201 201
1639_0117_0144_0045_0045.jpg 1 117 144 45 45
1640_0055_0039_0139_0139.jpg 1 55 39 139 139
1641_0151_0115_0201_0201.jpg 1 151 115 201 201
1642_0037_0070_0042_0042.jpg 1 37 70 42 42
1643_0127_0161_0171_0171.jpg 1 127 161 171 171
1644_0020_0043_0237_0237.jpg 1 20 43 237 237
1645_0262_0049_0033_0033.jpg 1 262 49 33 33
1646_0175_0075_0045_0045.jpg 1 175 75 45 45
1647_0244_0045_0047_0047.jpg 1 244 45 47 47
1648_0115_0025_0197_0197.jpg 1 115 25 197 197
1649_0062_0177_0174_0174.jpg 1 62 177 174 174
1650_0085_0137_0210_0210.jpg 1 85 137 210 210
1651_0045_0033_0252_0252.jpg 1 45 33 252 252
1652_0093_0115_0237_0237.jpg 1 93 115 237 237
1653_0147_0057_0028_0028.jpg 1 147 57 28 28
1654_0183_0233_0055_0055.jpg 1 183 233 55 55
1655_0075_0120_0243_0243.jpg 1 75 120 243 243
1656_0141_0097_0176_0176.jpg 1 141 97 176 176
1657_0027_0050_0260_0260.jpg 1 27 50 260 260
1658_0036_0087_0115_0115.jpg 1 36 87 115 115
1659_0176_0039_0147_0147.jpg 1 176 39 147 147
1660_0193_0032_0132_0132.jpg 1 193 32 132 132
1661_0104_0095_0232_0232.jpg 1 104 95 232 232
1662_0108_0070_0264_0264.jpg 1 108 70 264 264
1663_0156_0114_0197_0197.jpg 1 156 114 197 197
1664_0134_0155_0183_0183.jpg 1 134 155 183 183
1665_0164_0096_0107_0107.jpg 1 164 96 107 107
1666_0070_0043_0068_0068.jpg 1 70 43 68 68
1667_0077_0119_0211_0211.jpg 1 77 119 211 211
1668_0131_0085_0167_0167.jpg 1 131 85 167 167
1669_0171_0093_0037_0037.jpg 1 171 93 37 37
1670_0220_0192_0101_0101.jpg 1 220 192 101 101
1671_0096_0165_0120_0120.jpg 1 96 165 120 120
1672_0087_0175_0136_0136.jpg 1 87 175 136 136
1673_0111_0082_0144_0144.jpg 1 111 82 144 144
1674_0139_0150_0034_0034.jpg 1 139 150 34 34
1675_0063_0134_0190_0190.jpg 1 63 134 190 190
1676_0043_0189_0156_0156.jpg 1 43 189 156 156
1677_0205_0223_0087_0087.jpg 1 205 223 87 87
1678_0129_0190_0133_0133.jpg 1 129 190 133 133
1679_0174_0132_0120_0120.jpg 1 174 132 120 120
1680_0105_0086_0116_0116.jpg 1 105 86 116 116
1681_0026_0100_0223_0223.jpg 1 26 100 223 223
1682_0133_0133_0211_0211.jpg 1 133 133 211 211
1683_0197_0035_0132_0132.jpg 1 197 35 132 132
1684_0055_0107_0252_0252.jpg 1 55 107 252 252
1685_0103_0110_0222_0222.jpg 1 103 110 222 222
1686_0070_0042_0250_0250.jpg 1 70 42 250 250
1687_0232_0241_0066_0066.jpg 1 232 241 66 66
1688_0184_0247_0042_0042.jpg 1 184 247 42 42
1689_0046_0090_0186_0186.jpg 1 46 90 186 186
1690_0070_0126_0132_0132.jpg 1 70 126 132 132
1691_0106_0069_0059_0059.jpg 1 106 69 59 59
1692_0056_0052_0117_0117.jpg 1 56 52 117 117
1693_0047_0080_0199_0199.jpg 1 47 80 199 199
1694_0092_0084_0045_0045.jpg 1 92 84 45 45
1695_0083_0093_0220_0220.jpg 1 83 93 220 220
1696_0027_0075_0274_0274.jpg 1 27 75 274 274
1697_0103_0038_0181_0181.jpg 1 103 38 181 181
1698_0065_0046_0120_0120.jpg 1 65 46 120 120
1699_0216_0199_0063_0063.jpg 1 216 199 63 63
1700_0152_0107_0202_0202.jpg 1 152 107 202 202
1701_0222_0082_0098_0098.jpg 1 222 82 98 98
1702_0054_0042_0266_0266.jpg 1 54 42 266 266
1703_0077_0059_0275_0275.jpg 1 77 59 275 275
1704_0028_0084_0279_0279.jpg 1 28 84 279 279
1705_0117_0041_0032_0032.jpg 1 117 41 32 32
1706_0036_0045_0259_0259.jpg 1 36 45 259 259
1707_0019_0040_0267_0267.jpg 1 19 40 267 267
1708_0068_0037_0192_0192.jpg 1 68 37 192 192
1709_0143_0085_0220_0220.jpg 1 143 85 220 220
1710_0194_0155_0105_0105.jpg 1 194 155 105 105
1711_0102_0112_0235_0235.jpg 1 102 112 235 235
1712_0127_0132_0216_0216.jpg 1 127 132 216 216
1713_0033_0039_0218_0218.jpg 1 33 39 218 218
1714_0025_0151_0166_0166.jpg 1 25 151 166 166
1715_0047_0135_0184_0184.jpg 1 47 135 184 184
1716_0128_0146_0076_0076.jpg 1 128 146 76 76
1717_0171_0120_0142_0142.jpg 1 171 120 142 142
1718_0188_0071_0048_0048.jpg 1 188 71 48 48
1719_0022_0087_0191_0191.jpg 1 22 87 191 191
1720_0201_0162_0083_0083.jpg 1 201 162 83 83
1721_0153_0163_0142_0142.jpg 1 153 163 142 142
1722_0028_0024_0160_0160.jpg 1 28 24 160 160
1723_0051_0130_0159_0159.jpg 1 51 130 159 159
1724_0036_0069_0252_0252.jpg 1 36 69 252 252
1725_0109_0197_0104_0104.jpg 1 109 197 104 104
1726_0068_0086_0253_0253.jpg 1 68 86 253 253
1727_0039_0128_0214_0214.jpg 1 39 128 214 214
1728_0038_0098_0187_0187.jpg 1 38 98 187 187
1729_0058_0047_0272_0272.jpg 1 58 47 272 272
1730_0032_0045_0204_0204.jpg 1 32 45 204 204
1731_0077_0117_0236_0236.jpg 1 77 117 236 236
1732_0109_0179_0082_0082.jpg 1 109 179 82 82
1733_0184_0206_0049_0049.jpg 1 184 206 49 49
1734_0033_0102_0193_0193.jpg 1 33 102 193 193
1735_0140_0114_0032_0032.jpg 1 140 114 32 32
1736_0093_0037_0152_0152.jpg 1 93 37 152 152
1737_0075_0071_0210_0210.jpg 1 75 71 210 210
1738_0022_0162_0185_0185.jpg 1 22 162 185 185
1739_0064_0040_0172_0172.jpg 1 64 40 172 172
1740_0102_0127_0159_0159.jpg 1 102 127 159 159
1741_0090_0052_0186_0186.jpg 1 90 52 186 186
1742_0123_0081_0242_0242.jpg 1 123 81 242 242
1743_0085_0096_0143_0143.jpg 1 85 96 143 143
1744_0038_0139_0199_0199.jpg 1 38 139 199 199
1745_0258_0124_0073_0073.jpg 1 258 124 73 73
1746_0165_0077_0057_0057.jpg 1 165 77 57 57
1747_0136_0065_0222_0222.jpg 1 136 65 222 222
1748_0141_0050_0215_0215.jpg 1 141 50 215 215
1749_0122_0160_0156_0156.jpg 1 122 160 156 156
1750_0182_0085_0039_0039.jpg 1 182 85 39 39
1751_0128_0116_0148_0148.jpg 1 128 116 148 148
1752_0034_0061_0252_0252.jpg 1 34 61 252 252
1753_0039_0260_0032_0032.jpg 1 39 260 32 32
1754_0098_0059_0161_0161.jpg 1 98 59 161 161
1755_0163_0286_0035_0035.jpg 1 163 286 35 35
1756_0107_0144_0156_0156.jpg 1 107 144 156 156
1757_0037_0078_0262_0262.jpg 1 37 78 262 262
1758_0107_0122_0197_0197.jpg 1 107 122 197 197
1759_0023_0089_0270_0270.jpg 1 23 89 270 270
1760_0156_0107_0176_0176.jpg 1 156 107 176 176
1761_0041_0095_0148_0148.jpg 1 41 95 148 148
1762_0151_0132_0165_0165.jpg 1 151 132 165 165
1763_0255_0038_0078_0078.jpg 1 255 38 78 78
1764_0108_0048_0101_0101.jpg 1 108 48 101 101
1765_0153_0169_0187_0187.jpg 1 153 169 187 187
1766_0046_0120_0218_0218.jpg 1 46 120 218 218
1767_0065_0020_0226_0226.jpg 1 65 20 226 226
1768_0218_0157_0123_0123.jpg 1 218 157 123 123
1769_0052_0051_0196_0196.jpg 1 52 51 196 196
1770_0229_0072_0038_0038.jpg 1 229 72 38 38
1771_0106_0096_0217_0217.jpg 1 106 96 217 217
1772_0167_0105_0185_0185.jpg 1 167 105 185 185
1773_0076_0146_0166_0166.jpg 1 76 146 166 166
1774_0193_0206_0042_0042.jpg 1 193 206 42 42
1775_0097_0046_0031_0031.jpg 1 97 46 31 31
1776_0262_0135_0057_0057.jpg 1 262 135 57 57
1777_0115_0083_0230_0230.jpg 1 115 83 230 230
1778_0048_0060_0131_0131.jpg 1 48 60 131 131
1779_0103_0199_0038_0038.jpg 1 103 199 38 38
1780_0162_0053_0073_0073.jpg 1 162 53 73 73
1781_0081_0163_0076_0076.jpg 1 81 163 76 76
1782_0111_0061_0255_0255.jpg 1 111 61 255 255
1783_0122_0223_0061_0061.jpg 1 122 223 61 61
1784_0013_0076_0277_0277.jpg 1 13 76 277 277
1785_0053_0107_0224_0224.jpg 1 53 107 224 224
1786_0189_0125_0160_0160.jpg 1 189 125 160 160
1787_0037_0095_0198_0198.jpg 1 37 95 198 198
1788_0061_0106_0047_0047.jpg 1 61 106 47 47
1789_0103_0100_0197_0197.jpg 1 103 100 197 197
1790_0269_0101_0045_0045.jpg 1 269 101 45 45
1791_0169_0092_0106_0106.jpg 1 169 92 106 106
1792_0076_0031_0277_0277.jpg 1 76 31 277 277
1793_0109_0180_0108_0108.jpg 1 109 180 108 108
1794_0229_0268_0036_0036.jpg 1 229 268 36 36
1795_0064_0039_0267_0267.jpg 1 64 39 267 267
1796_0017_0117_0231_0231.jpg 1 17 117 231 231
1797_0056_0127_0063_0063.jpg 1 56 127 63 63
1798_0045_0178_0066_0066.jpg 1 45 178 66 66
1799_0132_0148_0148_0148.jpg 1 132 148 148 148
1800_0101_0030_0170_0170.jpg 1 101 30 170 170
1801_0129_0189_0050_0050.jpg 1 129 189 50 50
1802_0024_0074_0258_0258.jpg 1 24 74 258 258
1803_0049_0079_0252_0252.jpg 1 49 79 252 252
1804_0048_0115_0238_0238.jpg 1 48 115 238 238
1805_0037_0060_0245_0245.jpg 1 37 60 245 245
1806_0143_0214_0076_0076.jpg 1 143 214 76 76
1807_0107_0032_0212_0212.jpg 1 107 32 212 212
1808_0049_0160_0033_0033.jpg 1 49 160 33 33
1809_0205_0177_0090_0090.jpg 1 205 177 90 90
1810_0055_0207_0106_0106.jpg 1 55 207 106 106
1811_0151_0061_0025_0025.jpg 1 151 61 25 25
1812_0151_0083_0206_0206.jpg 1 151 83 206 206
1813_0035_0117_0137_0137.jpg 1 35 117 137 137
1814_0025_0117_0191_0191.jpg 1 25 117 191 191
1815_0211_0095_0039_0039.jpg 1 211 95 39 39
1816_0178_0169_0105_0105.jpg 1 178 169 105 105
1817_0085_0095_0279_0279.jpg 1 85 95 279 279
1818_0163_0184_0078_0078.jpg 1 163 184 78 78
1819_0121_0031_0236_0236.jpg 1 121 31 236 236
1820_0127_0067_0032_0032.jpg 1 127 67 32 32
1821_0124_0126_0122_0122.jpg 1 124 126 122 122
1822_0164_0069_0102_0102.jpg 1 164 69 102 102
1823_0245_0137_0077_0077.jpg 1 245 137 77 77
1824_0076_0191_0092_0092.jpg 1 76 191 92 92
1825_0166_0224_0068_0068.jpg 1 166 224 68 68
1826_0026_0073_0242_0242.jpg 1 26 73 242 242
1827_0038_0057_0270_0270.jpg 1 38 57 270 270
1828_0040_0137_0158_0158.jpg 1 40 137 158 158
1829_0248_0234_0038_0038.jpg 1 248 234 38 38
1830_0091_0023_0243_0243.jpg 1 91 23 243 243
1831_0204_0092_0062_0062.jpg 1 204 92 62 62
1832_0109_0083_0206_0206.jpg 1 109 83 206 206
1833_0220_0130_0050_0050.jpg 1 220 130 50 50
1834_0119_0117_0225_0225.jpg 1 119 117 225 225
1835_0091_0061_0259_0259.jpg 1 91 61 259 259
1836_0075_0108_0104_0104.jpg 1 75 108 104 104
1837_0041_0028_0236_0236.jpg 1 41 28 236 236
1838_0171_0135_0037_0037.jpg 1 171 135 37 37
1839_0254_0106_0048_0048.jpg 1 254 106 48 48
1840_0020_0072_0254_0254.jpg 1 20 72 254 254
1841_0026_0053_0201_0201.jpg 1 26 53 201 201
1842_0079_0119_0210_0210.jpg 1 79 119 210 210
1843_0250_0065_0060_0060.jpg 1 250 65 60 60
1844_0067_0161_0180_0180.jpg 1 67 161 180 180
1845_0058_0102_0249_0249.jpg 1 58 102 249 249
1846_0236_0218_0054_0054.jpg 1 236 218 54 54
1847_0049_0080_0229_0229.jpg 1 49 80 229 229
1848_0036_0030_0270_0270.jpg 1 36 30 270 270
1849_0183_0053_0072_0072.jpg 1 183 53 72 72
1850_0101_0032_0268_0268.jpg 1 101 32 268 268
1851_0153_0117_0047_0047.jpg 1 153 117 47 47
1852_0028_0077_0186_0186.jpg 1 28 77 186 186
1853_0089_0052_0063_0063.jpg 1 89 52 63 63
1854_0114_0187_0116_0116.jpg 1 114 187 116 116
1855_0088_0130_0205_0205.jpg 1 88 130 205 205
1856_0043_0076_0200_0200.jpg 1 43 76 200 200
1857_0123_0174_0103_0103.jpg 1 123 174 103 103
1858_0085_0103_0078_0078.jpg 1 85 103 78 78
1859_0039_0090_0200_0200.jpg 1 39 90 200 200
1860_0043_0035_0276_0276.jpg 1 43 35 276 276
1861_0083_0035_0260_0260.jpg 1 83 35 260 260
1862_0066_0057_0047_0047.jpg 1 66 57 47 47
1863_0079_0117_0103_0103.jpg 1 79 117 103 103
1864_0050_0021_0222_0222.jpg 1 50 21 222 222
1865_0124_0156_0109_0109.jpg 1 124 156 109 109
1866_0050_0065_0108_0108.jpg 1 50 65 108 108
1867_0065_0024_0228_0228.jpg 1 65 24 228 228
1868_0153_0114_0191_0191.jpg 1 153 114 191 191
1869_0113_0047_0230_0230.jpg 1 113 47 230 230
1870_0070_0130_0144_0144.jpg 1 70 130 144 144
1871_0150_0056_0171_0171.jpg 1 150 56 171 171
1872_0040_0023_0208_0208.jpg 1 40 23 208 208
1873_0060_0034_0241_0241.jpg 1 60 34 241 241
1874_0074_0081_0251_0251.jpg 1 74 81 251 251
1875_0161_0065_0188_0188.jpg 1 161 65 188 188
1876_0186_0272_0050_0050.jpg 1 186 272 50 50
1877_0065_0026_0207_0207.jpg 1 65 26 207 207
1878_0129_0083_0042_0042.jpg 1 129 83 42 42
1879_0064_0042_0272_0272.jpg 1 64 42 272 272
1880_0112_0089_0238_0238.jpg 1 112 89 238 238
1881_0023_0058_0267_0267.jpg 1 23 58 267 267
1882_0204_0206_0101_0101.jpg 1 204 206 101 101
1883_0185_0176_0122_0122.jpg 1 185 176 122 122
1884_0222_0146_0097_0097.jpg 1 222 146 97 97
1885_0098_0101_0112_0112.jpg 1 98 101 112 112
1886_0099_0023_0269_0269.jpg 1 99 23 269 269
1887_0034_0045_0270_0270.jpg 1 34 45 270 270
1888_0069_0073_0050_0050.jpg 1 69 73 50 50
1889_0120_0070_0144_0144.jpg 1 120 70 144 144
1890_0110_0204_0031_0031.jpg 1 110 204 31 31
1891_0070_0094_0189_0189.jpg 1 70 94 189 189
1892_0054_0193_0109_0109.jpg 1 54 193 109 109
1893_0080_0041_0166_0166.jpg 1 80 41 166 166
1894_0092_0029_0167_0167.jpg 1 92 29 167 167
1895_0056_0077_0167_0167.jpg 1 56 77 167 167
1896_0079_0227_0100_0100.jpg 1 79 227 100 100
1897_0231_0228_0063_0063.jpg 1 231 228 63 63
1898_0206_0172_0117_0117.jpg 1 206 172 117 117
1899_0054_0025_0242_0242.jpg 1 54 25 242 242
1900_0093_0114_0251_0251.jpg 1 93 114 251 251
1901_0059_0088_0030_0030.jpg 1 59 88 30 30
1902_0088_0105_0135_0135.jpg 1 88 105 135 135
1903_0256_0246_0071_0071.jpg 1 256 246 71 71
1904_0027_0019_0220_0220.jpg 1 27 19 220 220
1905_0102_0089_0254_0254.jpg 1 102 89 254 254
1906_0209_0211_0067_0067.jpg 1 209 211 67 67
1907_0073_0115_0198_0198.jpg 1 73 115 198 198
1908_0146_0261_0031_0031.jpg 1 146 261 31 31
1909_0169_0046_0188_0188.jpg 1 169 46 188 188
1910_0127_0096_0056_0056.jpg 1 127 96 56 56
1911_0047_0086_0073_0073.jpg 1 47 86 73 73
1912_0177_0072_0119_0119.jpg 1 177 72 119 119
1913_0083_0085_0134_0134.jpg 1 83 85 134 134
1914_0058_0179_0110_0110.jpg 1 58 179 110 110
1915_0215_0172_0056_0056.jpg 1 215 172 56 56
1916_0066_0239_0043_0043.jpg 1 66 239 43 43
1917_0197_0296_0027_0027.jpg 1 197 296 27 27
1918_0066_0181_0070_0070.jpg 1 66 181 70 70
1919_0039_0092_0131_0131.jpg 1 39 92 131 131
1920_0205_0217_0103_0103.jpg 1 205 217 103 103
1921_0026_0092_0251_0251.jpg 1 26 92 251 251
1922_0066_0063_0267_0267.jpg 1 66 63 267 267
1923_0126_0181_0078_0078.jpg 1 126 181 78 78
1924_0049_0073_0263_0263.jpg 1 49 73 263 263
1925_0067_0103_0116_0116.jpg 1 67 103 116 116
1926_0115_0157_0051_0051.jpg 1 115 157 51 51
1927_0127_0112_0111_0111.jpg 1 127 112 111 111
1928_0040_0222_0038_0038.jpg 1 40 222 38 38
1929_0069_0085_0237_0237.jpg 1 69 85 237 237
1930_0093_0119_0227_0227.jpg 1 93 119 227 227
1931_0043_0101_0151_0151.jpg 1 43 101 151 151
1932_0033_0108_0235_0235.jpg 1 33 108 235 235
1933_0190_0144_0122_0122.jpg 1 190 144 122 122
1934_0072_0138_0212_0212.jpg 1 72 138 212 212
1935_0031_0017_0267_0267.jpg 1 31 17 267 267
1936_0092_0028_0256_0256.jpg 1 92 28 256 256
1937_0073_0087_0261_0261.jpg 1 73 87 261 261
1938_0074_0183_0052_0052.jpg 1 74 183 52 52
1939_0102_0056_0267_0267.jpg 1 102 56 267 267
1940_0092_0102_0217_0217.jpg 1 92 102 217 217
1941_0114_0079_0208_0208.jpg 1 114 79 208 208
1942_0039_0134_0166_0166.jpg 1 39 134 166 166
1943_0130_0137_0107_0107.jpg 1 130 137 107 107
1944_0128_0162_0165_0165.jpg 1 128 162 165 165
